desc: I1 cache:         65536 B, 64 B, 2-way associative
desc: D1 cache:         32768 B, 64 B, 4-way associative
desc: LL cache:         262144 B, 64 B, 8-way associative
cmd: ./refcode
events: Ir I1mr ILmr Dr D1mr DLmr Dw D1mw DLmw 
fl=/build/buildd/eglibc-2.19/csu/../sysdeps/x86_64/multiarch/init-arch.c
fn=__init_cpu_features
31 9 1 1 0 0 0 4 0 0
37 3 0 0 0 0 0 0 0 0
38 4 0 0 0 0 0 1 0 0
39 3 0 0 0 0 0 1 0 0
45 7 1 1 0 0 0 5 0 0
54 5 1 1 0 0 0 1 0 0
57 6 0 0 0 0 0 0 0 0
59 2 0 0 0 0 0 0 0 0
65 3 1 1 0 0 0 0 0 0
66 2 0 0 0 0 0 0 0 0
71 2 0 0 0 0 0 0 0 0
74 5 1 1 2 0 0 0 0 0
101 2 1 1 0 0 0 0 0 0
152 2 1 1 1 0 0 0 0 0
153 9 0 0 0 0 0 4 1 1
160 3 0 0 1 0 0 0 0 0
184 6 2 2 1 0 0 0 0 0
185 4 0 0 2 0 0 0 0 0
186 2 0 0 1 0 0 0 0 0
189 1 0 0 0 0 0 1 0 0
190 2 0 0 1 0 0 1 0 0
192 1 0 0 0 0 0 1 0 0
193 6 0 0 5 0 0 0 0 0
fl=/build/buildd/eglibc-2.19/csu/init-first.c
fn=_init
52 10 1 1 3 0 0 5 0 0
58 4 1 1 1 0 0 1 1 1
65 5 1 1 4 0 0 0 0 0
70 1 0 0 0 0 0 1 0 0
71 1 0 0 0 0 0 1 1 1
72 2 0 0 1 0 0 1 1 1
86 4 0 0 0 0 0 4 0 0
94 1 0 0 0 0 0 0 0 0
99 5 0 0 4 0 0 0 0 0
fl=/build/buildd/eglibc-2.19/csu/libc-start.c
fn=(below main)
133 9 1 1 2 0 0 5 0 0
137 7 2 2 1 0 0 1 0 0
219 2 0 0 0 0 0 0 0 0
220 4 0 0 0 0 0 4 0 0
242 4 0 0 2 0 0 0 0 0
245 2 0 0 0 0 0 0 0 0
246 8 1 1 4 0 0 4 0 0
250 4 0 0 2 0 0 0 0 0
265 2 0 0 0 0 0 0 0 0
274 3 1 1 0 0 0 2 0 0
275 2 0 0 0 0 0 0 0 0
280 2 0 0 1 1 0 1 0 0
281 2 0 0 1 1 0 1 0 0
284 2 0 0 0 0 0 1 0 0
287 8 0 0 5 0 0 4 0 0
321 2 0 0 0 0 0 2 0 0
fl=/build/buildd/eglibc-2.19/ctype/ctype-info.c
fn=__ctype_init
29 4 1 1 0 0 0 3 0 0
31 8 0 0 6 0 0 1 0 0
33 4 1 1 2 0 0 1 0 0
35 4 0 0 2 0 0 1 0 0
36 3 0 0 3 0 0 0 0 0
fl=/build/buildd/eglibc-2.19/elf/../elf/dl-sysdep.c
fn=_dl_sysdep_start
86 8 1 1 1 0 0 5 1 1
87 20 1 1 8 0 0 11 0 0
88 2 0 0 0 0 0 0 0 0
107 1 0 0 0 0 0 0 0 0
110 1 0 0 0 0 0 1 0 0
111 260 1 1 64 4 4 4 2 2
114 2 0 0 0 0 0 1 0 0
115 1 0 0 0 0 0 1 0 0
117 91 3 3 27 3 3 4 0 0
118 108 0 0 17 3 3 0 0 0
121 1 0 0 1 0 0 0 0 0
122 1 0 0 0 0 0 0 0 0
124 1 0 0 1 0 0 0 0 0
125 1 0 0 0 0 0 0 0 0
127 2 1 1 1 0 0 1 0 0
128 1 0 0 0 0 0 0 0 0
130 2 0 0 1 0 0 1 0 0
131 1 0 0 0 0 0 0 0 0
151 2 1 1 1 0 0 1 0 0
152 1 0 0 0 0 0 0 0 0
154 1 0 0 1 0 0 0 0 0
155 1 0 0 0 0 0 0 0 0
157 4 1 1 1 0 0 2 0 0
158 1 0 0 0 0 0 0 0 0
163 2 0 0 1 0 0 1 0 0
164 1 0 0 0 0 0 0 0 0
179 2 0 0 1 0 0 1 0 0
180 1 0 0 0 0 0 0 0 0
212 18 1 1 7 0 0 9 0 0
232 4 0 0 0 0 0 3 0 0
234 5 0 0 0 0 0 2 0 0
246 3 0 0 1 0 0 0 0 0
249 7 1 1 2 0 0 5 0 0
250 1 0 0 1 1 0 0 0 0
251 6 0 0 5 0 0 0 0 0
fn=_dl_sysdep_start_cleanup
256 1 1 1 1 0 0 0 0 0
fl=/build/buildd/eglibc-2.19/elf/../misc/sbrk.c
fn=sbrk
34 7 1 1 1 0 0 4 1 1
42 6 0 0 2 1 1 0 0 0
46 2 0 0 0 0 0 0 0 0
57 6 1 1 4 0 0 0 0 0
fl=/build/buildd/eglibc-2.19/elf/../sysdeps/i386/dl-machine.h
fn=_dl_fixup
274 10 1 1 5 0 0 5 0 0
fn=_dl_relocate_object
103 28 1 1 12 0 0 0 0 0
109 6 1 1 6 1 0 0 0 0
113 9 0 0 3 3 2 0 0 0
118 6 0 0 3 0 0 3 0 0
126 9 0 0 3 0 0 0 0 0
139 9 0 0 0 0 0 3 0 0
308 108 0 0 0 0 0 0 0 0
311 221 0 0 0 0 0 5 0 0
328 216 1 1 0 0 0 0 0 0
337 5606 7 7 1597 98 91 1093 2 0
338 401 2 2 204 0 0 5 0 0
340 12 1 1 0 0 0 0 0 0
341 408 0 0 102 0 0 0 0 0
347 540 0 0 108 4 4 0 0 0
357 263 1 1 91 0 0 86 2 0
370 6 1 1 0 0 0 0 0 0
371 12 0 0 6 0 0 3 0 0
401 6 0 0 0 0 0 3 0 0
438 30 1 1 10 0 0 0 0 0
440 40 0 0 10 0 0 0 0 0
441 70 0 0 30 6 6 10 0 0
448 27 1 1 18 4 4 0 0 0
465 11 1 1 0 0 0 4 0 0
502 16 2 2 0 0 0 4 0 0
511 8 1 1 8 0 0 0 0 0
610 8 0 0 0 0 0 4 0 0
639 2518 0 0 1260 0 0 0 0 0
640 1256 0 0 1256 130 129 0 0 0
660 57 0 0 38 0 0 0 0 0
661 38 0 0 19 3 3 0 0 0
663 38 0 0 0 0 0 0 0 0
665 60 0 0 30 0 0 0 0 0
666 15 0 0 15 1 0 0 0 0
671 8 1 1 0 0 0 0 0 0
718 8 1 1 0 0 0 0 0 0
720 12 0 0 12 0 0 0 0 0
721 12 0 0 4 0 0 0 0 0
722 4 0 0 0 0 0 4 0 0
723 8 1 1 0 0 0 4 0 0
fn=_dl_start
59 3 0 0 1 1 1 0 0 0
308 9 0 0 0 0 0 0 0 0
338 27 0 0 27 5 5 0 0 0
341 36 0 0 9 0 0 0 0 0
347 54 0 0 9 1 1 0 0 0
357 27 1 1 9 0 0 9 0 0
409 2 0 0 0 0 0 1 0 0
639 22 0 0 11 1 1 0 0 0
640 11 0 0 11 2 2 0 0 0
fn=_dl_sysdep_start
264 5 1 1 2 1 1 0 0 0
fl=/build/buildd/eglibc-2.19/elf/../sysdeps/i386/dl-procinfo.h
fn=_dl_load_cache_lookup
100 4 0 0 0 0 0 0 0 0
101 12 0 0 0 0 0 0 0 0
103 20 0 0 0 0 0 12 0 0
104 1 0 0 0 0 0 0 0 0
fl=/build/buildd/eglibc-2.19/elf/../sysdeps/i386/dl-tlsdesc.S
fn=???
130 1008 1 1 1008 0 0 0 0 0
fl=/build/buildd/eglibc-2.19/elf/../sysdeps/i386/dl-trampoline.S
fn=_dl_runtime_resolve
28 5 1 1 0 0 0 5 0 0
30 5 0 0 0 0 0 5 0 0
32 5 0 0 0 0 0 5 0 0
34 5 0 0 5 0 0 0 0 0
35 5 0 0 5 0 0 0 0 0
36 5 0 0 0 0 0 5 0 0
37 5 1 1 5 0 0 0 0 0
39 5 0 0 5 0 0 0 0 0
40 5 0 0 0 0 0 5 0 0
41 5 0 0 5 0 0 0 0 0
42 5 0 0 5 0 0 0 0 0
fl=/build/buildd/eglibc-2.19/elf/../sysdeps/unix/sysv/linux/dl-osinfo.h
fn=security_init
61 2 0 0 0 0 0 0 0 0
84 2 1 1 1 0 0 1 0 0
86 1 0 0 1 0 0 0 0 0
93 1 0 0 1 0 0 0 0 0
101 2 0 0 0 0 0 0 0 0
112 1 1 1 1 0 0 0 0 0
fl=/build/buildd/eglibc-2.19/elf/../sysdeps/unix/sysv/linux/dl-sysdep.c
fn=_dl_discover_osversion
45 7 1 1 0 0 0 5 0 0
47 4 0 0 1 0 0 1 1 1
87 6 2 2 0 0 0 2 1 1
102 1 0 0 0 0 0 0 0 0
106 1 0 0 0 0 0 0 0 0
107 1 0 0 0 0 0 0 0 0
109 12 0 0 3 1 1 0 0 0
111 6 0 0 0 0 0 0 0 0
113 17 0 0 4 0 0 0 0 0
115 1 0 0 0 0 0 0 0 0
116 2 0 0 0 0 0 0 0 0
119 3 1 1 0 0 0 0 0 0
120 3 0 0 0 0 0 0 0 0
121 3 0 0 0 0 0 0 0 0
123 13 0 0 0 0 0 0 0 0
128 2 0 0 0 0 0 0 0 0
131 1 0 0 0 0 0 0 0 0
132 6 0 0 5 0 0 0 0 0
fn=_dl_sysdep_start
35 2 0 0 0 0 0 2 0 0
fl=/build/buildd/eglibc-2.19/elf/../sysdeps/unix/sysv/linux/i386/brk.c
fn=brk
33 4 1 1 1 0 0 2 0 0
37 5 1 1 0 0 0 0 0 0
39 1 0 0 0 0 0 1 0 0
41 2 0 0 0 0 0 0 0 0
47 1 0 0 0 0 0 0 0 0
48 2 0 0 2 0 0 0 0 0
fl=/build/buildd/eglibc-2.19/elf/dl-altinit.c
fn=dlinit_alt
33 4 0 0 3 0 0 0 0 0
41 3 1 1 0 0 0 2 0 0
43 2 0 0 2 0 0 0 0 0
fl=/build/buildd/eglibc-2.19/elf/dl-cache.c
fn=_dl_cache_libcmp
138 54 1 1 0 0 0 36 0 0
139 185 0 0 47 0 0 0 0 0
141 135 0 0 0 0 0 0 0 0
143 51 1 1 46 0 0 0 0 0
149 5 0 0 0 0 0 0 0 0
150 5 0 0 1 0 0 1 0 0
151 4 0 0 1 0 0 0 0 0
153 8 1 1 3 0 0 1 0 0
155 2 0 0 0 0 0 0 0 0
161 220 1 1 44 11 11 0 0 0
163 176 1 1 0 0 0 0 0 0
164 32 0 0 0 0 0 0 0 0
167 36 0 0 0 0 0 0 0 0
168 36 0 0 36 0 0 0 0 0
171 2 0 0 1 0 0 0 0 0
172 45 0 0 36 0 0 0 0 0
fn=_dl_load_cache_lookup
182 8 1 1 0 0 0 6 0 0
190 2 1 1 1 0 0 0 0 0
193 3 0 0 1 0 0 0 0 0
196 5 1 1 0 0 0 1 0 0
204 5 1 1 1 0 0 0 0 0
205 7 0 0 0 0 0 4 0 0
209 1 0 0 0 0 0 1 0 0
212 3 1 1 1 0 0 0 0 0
215 2 0 0 0 0 0 1 0 0
216 3 0 0 0 0 0 0 0 0
217 7 0 0 0 0 0 4 0 0
219 2 1 1 0 0 0 0 0 0
244 4 0 0 1 0 0 1 0 0
253 3 1 1 0 0 0 1 0 0
255 1 0 0 1 0 0 0 0 0
257 10 0 0 0 0 0 2 0 0
259 5 1 1 0 0 0 4 0 0
263 17 2 2 8 0 0 7 0 0
264 1 0 0 0 0 0 0 0 0
278 229 7 7 65 9 9 14 0 0
294 2 0 0 1 0 0 0 0 0
299 7 0 0 5 0 0 0 0 0
fn=_dl_unload_cache
308 4 1 1 0 0 0 2 0 0
309 4 0 0 1 1 0 0 0 0
311 4 0 0 1 0 0 3 0 0
312 1 0 0 0 0 0 1 0 0
314 3 0 0 2 0 0 0 0 0
fl=/build/buildd/eglibc-2.19/elf/dl-debug.c
fn=_dl_debug_initialize
47 16 1 1 0 0 0 8 0 0
50 8 0 0 0 0 0 0 0 0
51 4 1 1 4 0 0 0 0 0
55 14 0 0 4 0 0 0 0 0
58 1 0 0 0 0 0 1 0 0
59 2 0 0 0 0 0 1 0 0
60 3 0 0 1 0 0 1 0 0
61 2 0 0 0 0 0 1 0 0
65 8 0 0 8 0 0 0 0 0
fn=_dl_debug_state
74 2 0 0 2 0 0 0 0 0
fl=/build/buildd/eglibc-2.19/elf/dl-deps.c
fn=_dl_map_object_deps
147 11 2 2 0 0 0 7 0 0
148 9 0 0 0 0 0 2 0 0
160 2 0 0 0 0 0 2 0 0
161 3 0 0 1 0 0 2 0 0
162 7 1 1 1 0 0 3 0 0
168 9 0 0 2 0 0 2 0 0
178 12 0 0 4 0 0 3 0 0
179 3 1 1 3 0 0 0 0 0
182 3 0 0 0 0 0 2 0 0
188 1 1 1 0 0 0 1 0 0
189 1 0 0 0 0 0 1 0 0
201 2 0 0 1 0 0 1 0 0
202 17 0 0 6 0 0 7 0 0
203 1 0 0 0 0 0 1 0 0
204 2 0 0 0 0 0 2 0 0
209 4 0 0 0 0 0 4 0 0
210 4 0 0 0 0 0 4 0 0
213 8 0 0 4 0 0 4 0 0
217 28 1 1 12 0 0 0 0 0
218 19 0 0 9 0 0 0 0 0
220 2 0 0 0 0 0 0 0 0
222 6 1 1 2 0 0 2 0 0
224 30 0 0 2 0 0 6 0 0
229 28 0 0 12 0 0 0 0 0
231 8 1 1 6 0 0 2 0 0
236 2 0 0 0 0 0 2 0 0
237 4 0 0 0 0 0 2 0 0
238 4 0 0 2 0 0 2 0 0
239 4 0 0 2 0 0 2 0 0
242 206 0 0 54 0 0 2 0 0
243 96 1 1 0 0 0 0 0 0
249 14 0 0 4 0 0 6 0 0
251 2 0 0 0 0 0 2 0 0
254 18 1 1 2 0 0 6 0 0
256 6 0 0 2 0 0 0 0 0
271 2 0 0 2 0 0 0 0 0
273 4 0 0 2 0 0 0 0 0
278 6 1 1 0 0 0 0 0 0
281 2 0 0 0 0 0 2 0 0
282 2 0 0 0 0 0 2 0 0
283 2 0 0 0 0 0 2 0 0
284 4 0 0 2 0 0 2 0 0
286 8 0 0 2 0 0 2 0 0
288 10 0 0 2 0 0 4 0 0
292 6 0 0 2 0 0 0 0 0
293 4 0 0 1 0 0 2 0 0
295 138 1 1 0 0 0 0 0 0
343 2 0 0 0 0 0 1 0 0
471 12 1 1 4 0 0 0 0 0
473 6 0 0 2 0 0 2 0 0
475 6 1 1 0 0 0 4 0 0
476 2 0 0 0 0 0 0 0 0
477 4 0 0 0 0 0 0 0 0
480 4 0 0 2 0 0 2 0 0
481 16 0 0 2 0 0 10 0 0
482 12 0 0 2 0 0 8 0 0
485 4 0 0 2 0 0 2 0 0
486 2 0 0 2 0 0 0 0 0
490 24 1 1 12 0 0 0 0 0
492 4 0 0 4 0 0 0 0 0
493 17 0 0 3 0 0 0 0 0
497 6 1 1 2 0 0 0 0 0
498 2 0 0 1 0 0 1 0 0
501 5 0 0 2 0 0 1 0 0
511 3 0 0 0 0 0 3 0 0
512 2 1 1 1 0 0 0 0 0
514 2 0 0 0 0 0 0 0 0
519 5 1 1 3 0 0 1 0 0
520 1 0 0 0 0 0 1 0 0
522 14 0 0 5 0 0 0 0 0
524 16 0 0 8 0 0 0 0 0
528 16 0 0 8 0 0 4 0 0
532 4 0 0 4 0 0 0 0 0
535 3 1 1 1 0 0 1 0 0
586 6 0 0 3 0 0 1 0 0
587 1 0 0 0 0 0 1 0 0
588 4 0 0 2 0 0 0 0 0
623 9 1 1 2 0 0 5 0 0
625 3 1 1 0 0 0 0 0 0
629 13 0 0 6 0 0 3 0 0
630 9 1 1 1 0 0 2 0 0
631 8 1 1 1 0 0 5 0 0
635 6 0 0 3 0 0 3 0 0
636 21 1 1 6 0 0 6 0 0
642 21 0 0 8 0 0 0 0 0
644 6 0 0 6 0 0 0 0 0
645 8 0 0 0 0 0 0 0 0
647 9 0 0 3 0 0 0 0 0
648 6 0 0 0 0 0 0 0 0
658 1 1 1 1 0 0 0 0 0
670 6 0 0 0 0 0 0 0 0
673 12 1 1 6 0 0 3 0 0
676 28 0 0 6 0 0 10 0 0
683 3 0 0 2 0 0 1 0 0
685 2 0 0 1 0 0 1 0 0
686 1 1 1 1 0 0 0 0 0
687 3 0 0 1 0 0 0 0 0
694 3 0 0 1 0 0 0 0 0
697 3 1 1 1 0 0 0 0 0
700 6 0 0 5 0 0 0 0 0
fn=openaux
60 12 1 1 2 0 0 6 0 0
63 28 0 0 8 0 0 10 1 1
64 4 1 1 2 0 0 0 0 0
67 2 0 0 2 0 0 0 0 0
68 10 0 0 8 0 0 0 0 0
fl=/build/buildd/eglibc-2.19/elf/dl-environ.c
fn=_dl_next_ld_env_entry
30 3 1 1 3 0 0 0 0 0
31 1 0 0 0 0 0 0 0 0
33 189 0 0 63 0 0 0 0 0
35 124 0 0 62 26 26 0 0 0
36 16 1 1 8 0 0 0 0 0
38 2 0 0 0 0 0 0 0 0
41 4 0 0 0 0 0 2 0 0
43 2 0 0 0 0 0 0 0 0
46 60 0 0 0 0 0 0 0 0
50 6 0 0 3 0 0 0 0 0
fl=/build/buildd/eglibc-2.19/elf/dl-error.c
fn=_dl_catch_error
163 15 2 2 0 0 0 9 0 0
175 6 0 0 0 0 0 6 1 1
176 6 0 0 0 0 0 6 0 0
177 6 0 0 0 0 0 6 0 0
178 6 0 0 0 0 0 3 0 0
180 9 0 0 3 0 0 6 1 1
181 6 0 0 3 0 0 3 0 0
182 6 0 0 0 0 0 3 0 0
185 21 1 1 0 0 0 9 0 0
187 9 0 0 6 0 0 6 0 0
188 9 0 0 6 0 0 3 0 0
189 6 0 0 3 0 0 3 0 0
190 6 1 1 3 0 0 3 0 0
191 6 0 0 3 0 0 3 0 0
199 15 0 0 9 0 0 0 0 0
fn=_dl_receive_error
205 10 1 1 0 0 0 6 0 0
206 2 0 0 1 0 0 1 0 0
210 2 0 0 1 0 0 1 0 0
211 2 0 0 1 0 0 1 0 0
214 1 0 0 0 0 0 1 0 0
215 1 0 0 0 0 0 1 0 0
217 3 0 0 1 0 0 2 0 0
219 2 1 1 1 0 0 1 0 0
220 2 0 0 1 0 0 1 0 0
221 6 0 0 5 0 0 0 0 0
fl=/build/buildd/eglibc-2.19/elf/dl-fini.c
fn=_dl_fini
131 10 1 1 0 0 0 6 0 0
143 3 0 0 0 0 0 2 0 0
144 1 0 0 0 0 0 1 0 0
150 1 0 0 0 0 0 1 0 0
153 16 1 1 4 1 1 5 0 0
156 4 1 1 3 1 1 2 0 0
159 2 0 0 2 1 1 0 0 0
162 2 0 0 0 0 0 0 0 0
164 6 1 1 3 0 0 0 0 0
171 3 0 0 1 0 0 1 0 0
175 3 0 0 1 0 0 0 0 0
177 3 0 0 1 0 0 0 0 0
180 7 0 0 0 0 0 2 0 0
183 3 1 1 1 0 0 0 0 0
191 12 0 0 4 0 0 0 0 0
193 8 0 0 4 0 0 0 0 0
195 8 0 0 0 0 0 0 0 0
197 4 0 0 0 0 0 4 0 0
198 4 0 0 0 0 0 4 3 3
199 4 0 0 0 0 0 0 0 0
203 4 0 0 4 0 0 0 0 0
205 3 1 1 0 0 0 1 0 0
210 8 0 0 3 0 0 2 0 0
219 3 0 0 2 0 0 2 0 0
223 21 0 0 13 0 0 1 0 0
225 12 1 1 12 0 0 0 0 0
227 12 0 0 4 0 0 0 0 0
230 8 0 0 0 0 0 4 0 0
233 12 0 0 4 3 3 0 0 0
234 6 1 1 2 0 0 0 0 0
237 4 0 0 2 0 0 0 0 0
239 3 0 0 0 0 0 1 0 0
244 4 0 0 0 0 0 0 0 0
248 6 0 0 4 0 0 0 0 0
249 6 1 1 4 0 0 0 0 0
251 18 0 0 2 0 0 2 0 0
252 2 0 0 2 2 2 2 0 0
256 6 0 0 2 1 1 0 0 0
257 6 0 0 4 0 0 2 0 0
262 28 1 1 8 1 1 0 0 0
278 4 0 0 4 0 0 0 0 0
283 6 0 0 2 0 0 0 0 0
289 2 1 1 1 0 0 0 0 0
296 6 0 0 5 0 0 0 0 0
fn=_dl_sort_fini
32 13 2 2 0 0 0 9 0 0
34 2 0 0 0 0 0 0 0 0
39 5 0 0 1 0 0 1 0 0
40 6 0 0 0 0 0 1 0 0
41 10 1 1 2 0 0 6 0 0
45 12 0 0 3 0 0 6 0 0
46 24 1 1 6 0 0 6 0 0
50 15 0 0 6 0 0 0 0 0
56 9 0 0 3 0 0 4 0 0
57 21 0 0 11 0 0 0 0 0
59 6 0 0 6 0 0 0 0 0
60 8 1 1 0 0 0 0 0 0
62 9 0 0 3 1 1 0 0 0
63 6 0 0 0 0 0 0 0 0
93 9 0 0 3 0 0 0 0 0
114 6 0 0 3 0 0 0 0 0
118 13 1 1 6 0 0 3 0 0
121 35 1 1 12 0 0 10 0 0
125 6 0 0 5 0 0 0 0 0
fl=/build/buildd/eglibc-2.19/elf/dl-hwcaps.c
fn=_dl_important_hwcaps
39 12 1 1 0 0 0 8 0 0
41 6 1 1 4 0 0 2 0 0
42 5 0 0 0 0 0 2 0 0
51 549 1 1 137 0 0 81 0 0
52 216 1 1 54 0 0 0 0 0
53 54 0 0 27 0 0 0 0 0
61 4 0 0 1 0 0 1 0 0
92 2 1 1 0 0 0 0 0 0
113 3 1 1 1 0 0 1 0 0
115 8 1 1 1 0 0 4 1 1
130 6 0 0 0 0 0 1 0 0
131 2 0 0 0 0 0 0 0 0
133 2 0 0 0 0 0 0 0 0
145 2 1 1 0 0 0 0 0 0
162 116 2 2 30 0 0 1 0 0
163 270 1 1 27 0 0 0 0 0
165 22 0 0 10 0 0 7 0 0
166 8 0 0 2 0 0 6 0 0
167 24 0 0 2 0 0 0 0 0
168 2 0 0 2 0 0 0 0 0
170 2 1 1 1 0 0 0 0 0
172 3 0 0 2 0 0 1 0 0
173 6 0 0 2 0 0 1 0 0
177 3 0 0 1 0 0 1 0 0
178 1 0 0 0 0 0 1 0 0
181 2 0 0 1 0 0 0 0 0
184 2 0 0 1 0 0 0 0 0
185 1 1 1 1 0 0 0 0 0
188 8 0 0 3 0 0 3 0 0
189 2 0 0 1 0 0 0 0 0
191 1 0 0 0 0 0 0 0 0
192 12 0 0 3 0 0 0 0 0
193 4 1 1 2 0 0 0 0 0
194 2 0 0 1 0 0 0 0 0
195 2 0 0 1 0 0 0 0 0
196 3 0 0 0 0 0 0 0 0
197 3 0 0 1 0 0 0 0 0
201 4 0 0 1 0 0 0 0 0
207 7 1 1 2 0 0 2 0 0
208 5 0 0 0 0 0 3 0 0
209 2 0 0 0 0 0 0 0 0
238 5 0 0 1 0 0 2 0 0
241 3 1 1 2 0 0 0 0 0
248 12 0 0 4 0 0 3 0 0
251 8 0 0 0 0 0 4 0 0
254 36 1 1 12 0 0 20 0 0
257 36 0 0 8 0 0 4 0 0
258 40 0 0 0 0 0 0 0 0
259 52 1 1 16 0 0 28 0 0
262 40 1 1 12 0 0 24 0 0
264 12 0 0 4 0 0 0 0 0
269 45 0 0 4 0 0 0 0 0
270 32 0 0 0 0 0 16 1 1
274 16 0 0 0 0 0 4 0 0
277 152 2 2 8 0 0 0 0 0
278 192 0 0 64 0 0 0 0 0
279 96 0 0 64 0 0 0 0 0
281 8 0 0 0 0 0 0 0 0
284 2 0 0 1 0 0 0 0 0
285 3 0 0 1 0 0 0 0 0
286 28 0 0 10 0 0 1 0 0
288 30 1 1 6 0 0 0 0 0
289 9 0 0 6 0 0 3 0 0
291 6 0 0 3 0 0 3 0 0
292 6 0 0 0 0 0 0 0 0
299 24 0 0 8 0 0 8 0 0
300 8 0 0 0 0 0 0 0 0
302 16 0 0 0 0 0 0 0 0
305 4 0 0 3 0 0 1 0 0
307 1 0 0 0 0 0 0 0 0
308 6 0 0 5 0 0 0 0 0
fl=/build/buildd/eglibc-2.19/elf/dl-init.c
fn=_dl_init
36 38 2 2 17 0 0 13 0 0
86 10 1 1 0 0 0 7 1 0
87 1 0 0 1 0 0 0 0 0
88 1 1 1 1 0 0 0 0 0
91 3 0 0 1 1 0 0 0 0
94 2 0 0 0 0 0 1 0 0
98 2 0 0 0 0 0 0 0 0
124 2 0 0 1 0 0 0 0 0
125 19 0 0 0 0 0 0 0 0
126 8 0 0 8 0 0 0 0 0
132 6 0 0 5 0 0 0 0 0
fn=call_init.part.0
34 36 0 0 0 0 0 20 0 0
42 12 0 0 4 0 0 4 0 0
45 16 1 1 8 1 0 0 0 0
46 3 0 0 0 0 0 0 0 0
50 9 0 0 3 0 0 0 0 0
51 3 0 0 1 0 0 0 0 0
55 4 0 0 2 0 0 0 0 0
63 4 0 0 0 0 0 0 0 0
64 16 0 0 8 1 0 8 0 0
67 2 0 0 2 0 0 0 0 0
68 4 1 1 0 0 0 0 0 0
74 8 0 0 4 0 0 2 0 0
76 4 0 0 4 0 0 0 0 0
77 20 0 0 4 0 0 0 0 0
78 24 0 0 12 0 0 16 0 0
80 24 1 1 20 0 0 0 0 0
fl=/build/buildd/eglibc-2.19/elf/dl-load.c
fn=???
1512 46 0 0 46 0 0 0 0 0
fn=_dl_init_paths
714 9 2 2 0 0 0 5 0 0
727 8 0 0 2 0 0 3 0 0
731 1 1 1 0 0 0 1 0 0
732 3 0 0 0 0 0 3 0 0
733 2 0 0 0 0 0 0 0 0
740 3 0 0 0 0 0 0 0 0
741 3 0 0 1 0 0 1 0 0
744 2 0 0 1 0 0 1 0 0
745 4 0 0 0 0 0 3 0 0
747 3 1 1 1 0 0 0 0 0
753 1 0 0 0 0 0 1 0 0
754 1 0 0 0 0 0 1 0 0
762 18 0 0 4 0 0 10 0 0
764 9 0 0 3 0 0 5 1 1
765 4 0 0 0 0 0 4 0 0
767 13 1 1 3 0 0 7 1 1
768 10 0 0 6 1 1 4 0 0
769 25 1 1 7 0 0 4 0 0
772 9 0 0 6 1 1 0 0 0
773 220 1 1 8 0 0 4 0 0
774 64 0 0 0 0 0 64 4 4
776 20 0 0 8 0 0 5 0 0
782 1 0 0 0 0 0 1 0 0
783 3 1 1 2 0 0 1 0 0
787 1 0 0 1 0 0 0 0 0
788 2 0 0 0 0 0 0 0 0
790 4 0 0 1 0 0 0 0 0
792 3 0 0 1 0 0 0 0 0
809 1 0 0 0 0 0 1 0 0
811 3 1 1 1 0 0 0 0 0
825 2 1 1 0 0 0 1 0 0
830 4 1 1 1 0 0 0 0 0
838 5 1 1 0 0 0 3 0 0
840 13 0 0 0 0 0 7 0 0
856 3 1 1 0 0 0 0 0 0
857 46 0 0 15 0 0 0 0 0
859 14 0 0 0 0 0 0 0 0
860 28 0 0 0 0 0 0 0 0
861 14 0 0 0 0 0 0 0 0
864 1 0 0 0 0 0 1 0 0
865 2 0 0 0 0 0 2 0 0
866 2 0 0 0 0 0 0 0 0
872 11 1 1 2 0 0 6 0 0
876 4 0 0 2 0 0 0 0 0
882 1 0 0 0 0 0 1 0 0
886 6 0 0 5 0 0 0 0 0
fn=_dl_map_object
691 9 2 2 3 0 0 0 0 0
2317 30 1 1 0 0 0 21 2 2
2324 9 0 0 3 0 0 0 0 0
2325 9 0 0 6 0 0 0 0 0
2328 42 1 1 12 0 0 3 0 0
2333 21 0 0 7 0 0 0 0 0
2334 14 1 1 0 0 0 0 0 0
2336 36 0 0 0 0 0 7 0 0
2340 12 0 0 6 0 0 0 0 0
2341 18 1 1 6 0 0 0 0 0
2344 2 0 0 2 0 0 0 0 0
2345 4 0 0 4 0 0 0 0 0
2346 10 0 0 0 0 0 6 0 0
2362 4 0 0 2 0 0 0 0 0
2372 12 1 1 4 0 0 2 0 0
2396 2 0 0 0 0 0 2 0 0
2398 10 0 0 0 0 0 6 0 0
2402 4 1 1 0 0 0 3 0 0
2404 2 0 0 1 0 0 0 0 0
2411 6 1 1 2 0 0 0 0 0
2415 6 1 1 2 0 0 2 0 0
2416 1 0 0 0 0 0 1 0 0
2420 3 0 0 1 0 0 0 0 0
2421 1 0 0 0 0 0 0 0 0
2435 2 1 1 1 0 0 0 0 0
2436 8 2 2 2 0 0 1 0 0
2437 1 0 0 0 0 0 0 0 0
2446 2 0 0 1 0 0 0 0 0
2447 22 2 2 4 0 0 8 0 0
2453 7 0 0 1 0 0 1 0 0
2454 2 0 0 1 0 0 0 0 0
2456 1 1 1 1 0 0 0 0 0
2462 4 0 0 1 0 0 1 0 0
2464 3 0 0 1 0 0 0 0 0
2468 3 1 1 0 0 0 2 0 0
2470 2 0 0 0 0 0 0 0 0
2474 4 0 0 1 0 0 0 0 0
2482 2 0 0 1 0 0 0 0 0
2504 13 1 1 2 0 0 5 0 0
2507 3 0 0 0 0 0 1 0 0
2509 3 1 1 1 0 0 2 0 0
2510 3 0 0 1 0 0 0 0 0
2530 2 1 1 1 0 0 0 0 0
2536 1 0 0 0 0 0 1 0 0
2538 8 1 1 2 0 0 2 0 0
2539 3 0 0 0 0 0 0 0 0
2543 8 1 1 0 0 0 5 0 0
2546 2 0 0 0 0 0 0 0 0
2558 10 0 0 4 0 0 2 0 0
2560 4 0 0 0 0 0 0 0 0
2604 4 0 0 2 0 0 2 0 0
2605 32 2 2 10 0 0 16 0 0
2607 18 0 0 15 0 0 0 0 0
fn=_dl_map_object_from_fd
923 22 1 1 0 0 0 14 1 1
934 8 1 1 2 0 0 4 1 1
935 2 0 0 0 0 0 2 0 0
938 14 0 0 0 0 0 8 0 0
949 29 1 1 9 0 0 2 0 0
950 54 1 1 23 2 2 4 0 0
967 6 1 1 2 0 0 0 0 0
992 4 0 0 2 0 0 0 0 0
1002 4 0 0 2 0 0 0 0 0
1024 8 1 1 4 0 0 0 0 0
1056 4 0 0 0 0 0 0 0 0
1059 24 0 0 12 0 0 8 0 0
1060 4 1 1 0 0 0 0 0 0
1071 6 0 0 4 0 0 2 1 1
1072 6 0 0 4 0 0 2 0 0
1073 6 0 0 4 0 0 2 0 0
1075 8 0 0 0 0 0 2 0 0
1076 12 1 1 8 0 0 0 0 0
1077 6 0 0 2 0 0 2 0 0
1092 2 0 0 0 0 0 2 0 0
1101 20 1 1 0 0 0 6 0 0
1102 2 0 0 0 0 0 2 0 0
1103 2 0 0 0 0 0 2 0 0
1109 112 0 0 36 0 0 0 0 0
1110 136 1 1 17 0 0 0 0 0
1116 4 0 0 2 0 0 2 0 0
1117 6 0 0 2 0 0 2 0 0
1118 2 0 0 0 0 0 0 0 0
1121 2 0 0 1 0 0 1 0 0
1122 1 0 0 0 0 0 0 0 0
1127 28 2 2 8 0 0 8 0 0
1133 28 0 0 8 0 0 8 0 0
1134 4 0 0 0 0 0 0 0 0
1141 36 1 1 12 0 0 8 0 0
1142 32 0 0 12 0 0 12 0 0
1143 16 1 1 8 0 0 0 0 0
1144 8 0 0 4 0 0 4 0 0
1145 4 0 0 0 0 0 4 0 0
1146 12 0 0 8 0 0 4 0 0
1147 12 0 0 8 0 0 4 0 0
1151 8 0 0 4 0 0 0 0 0
1152 12 0 0 6 0 0 2 0 0
1157 28 1 1 4 0 0 4 0 0
1167 4 0 0 0 0 0 0 0 0
1170 3 1 1 1 0 0 0 0 0
1174 1 0 0 0 0 0 1 0 0
1175 2 0 0 1 0 0 1 0 0
1176 2 0 0 0 0 0 0 0 0
1179 4 0 0 1 0 0 1 0 0
1180 2 0 0 1 0 0 1 0 0
1183 2 0 0 1 0 0 1 0 0
1187 4 0 0 1 0 0 0 0 0
1193 2 0 0 0 0 0 2 1 1
1194 1 0 0 0 0 0 0 0 0
1206 6 1 1 0 0 0 2 0 0
1250 4 2 2 2 0 0 2 0 0
1251 2 0 0 0 0 0 0 0 0
1254 4 0 0 2 0 0 2 1 1
1255 4 0 0 2 0 0 2 0 0
1256 2 0 0 0 0 0 0 0 0
1259 12 0 0 4 0 0 0 0 0
1272 10 1 1 6 0 0 2 0 0
1274 4 0 0 2 0 0 0 0 0
1288 2 0 0 2 0 0 0 0 0
1293 26 1 1 8 0 0 18 0 0
1297 4 0 0 0 0 0 0 0 0
1304 6 0 0 2 0 0 2 0 0
1305 6 1 1 4 0 0 2 0 0
1307 4 0 0 2 0 0 0 0 0
1317 2 0 0 2 0 0 0 0 0
1319 4 0 0 2 0 0 2 0 0
1340 24 1 1 12 0 0 0 0 0
1342 10 0 0 6 0 0 0 0 0
1344 30 1 1 10 0 0 14 0 0
1352 16 0 0 8 0 0 0 0 0
1353 6 1 1 4 0 0 2 0 0
1355 12 0 0 4 0 0 0 0 0
1356 7 1 1 4 0 0 1 0 0
1357 10 0 0 4 0 0 1 0 0
1358 4 1 1 3 0 0 0 0 0
1360 5 0 0 2 0 0 1 0 0
1363 20 0 0 12 0 0 0 0 0
1369 4 0 0 2 0 0 0 0 0
1370 4 0 0 0 0 0 2 0 0
1371 12 0 0 6 0 0 2 0 0
1372 4 1 1 0 0 0 0 0 0
1379 4 0 0 2 0 0 0 0 0
1382 4 0 0 0 0 0 0 0 0
1393 16 0 0 2 0 0 10 0 0
1394 10 0 0 6 0 0 0 0 0
1399 4 0 0 2 0 0 0 0 0
1403 11 1 1 3 0 0 7 0 0
1406 2 0 0 0 0 0 0 0 0
1414 4 1 1 4 0 0 0 0 0
1418 8 1 1 4 0 0 0 0 0
1427 8 0 0 2 0 0 4 0 0
1433 4 0 0 0 0 0 0 0 0
1449 6 0 0 2 0 0 0 0 0
1468 4 0 0 2 0 0 2 0 0
1470 10 1 1 4 0 0 0 0 0
1525 6 0 0 2 0 0 0 0 0
1526 2 0 0 1 0 0 1 0 0
1529 10 0 0 2 0 0 4 0 0
1537 14 2 2 4 0 0 0 0 0
1538 2 0 0 1 0 0 0 0 0
1540 8 0 0 4 0 0 2 0 0
1542 4 0 0 2 0 0 0 0 0
1558 4 0 0 0 0 0 2 0 0
1562 4 0 0 2 0 0 0 0 0
1563 6 1 1 2 0 0 0 0 0
1580 4 0 0 2 0 0 0 0 0
1581 1 0 0 0 0 0 1 0 0
1584 8 0 0 4 0 0 4 0 0
1585 8 0 0 4 0 0 4 0 0
1589 6 0 0 2 0 0 0 0 0
1599 6 0 0 2 0 0 2 0 0
1603 8 0 0 2 0 0 0 0 0
1623 12 0 0 10 0 0 0 0 0
fn=expand_dynamic_string_token
415 22 1 1 2 0 0 12 0 0
425 10 0 0 0 0 0 6 0 0
429 4 0 0 0 0 0 0 0 0
440 10 0 0 8 0 0 0 0 0
fn=fillin_rpath
486 12 1 1 0 0 0 8 0 0
488 3 0 0 0 0 0 2 0 0
491 14 1 1 4 0 0 6 0 0
495 5 0 0 1 0 0 2 0 0
497 3 1 1 0 0 0 2 0 0
501 2 0 0 0 0 0 0 0 0
504 2 0 0 0 0 0 1 0 0
508 8 1 1 1 0 0 0 0 0
513 4 0 0 0 0 0 2 0 0
516 3 1 1 1 0 0 0 0 0
523 20 0 0 5 0 0 2 0 0
524 8 0 0 4 0 0 0 0 0
542 5 1 1 1 0 0 1 0 0
545 3 0 0 0 0 0 2 0 0
546 4 0 0 2 0 0 1 0 0
547 4 1 1 0 0 0 2 0 0
548 3 0 0 1 0 0 0 0 0
552 2 0 0 0 0 0 2 0 0
553 1 0 0 0 0 0 0 0 0
554 6 1 1 1 0 0 5 0 0
555 2 0 0 1 0 0 1 0 0
557 2 0 0 1 0 0 0 0 0
563 5 0 0 2 0 0 0 0 0
564 55 0 0 3 0 0 1 0 0
565 16 0 0 0 0 0 16 0 0
567 2 0 0 1 0 0 1 0 0
568 3 1 1 1 0 0 0 0 0
573 2 1 1 0 0 0 1 0 0
575 2 0 0 1 0 0 1 0 0
576 1 0 0 0 0 0 1 0 0
579 6 0 0 2 0 0 2 0 0
581 5 2 2 1 0 0 2 0 0
585 3 0 0 2 0 0 1 0 0
588 6 0 0 5 0 0 0 0 0
fn=local_strdup
160 21 2 2 0 0 0 12 0 0
161 9 0 0 0 0 0 6 0 0
162 6 0 0 0 0 0 6 0 0
164 6 0 0 0 0 0 0 0 0
167 12 0 0 0 0 0 12 0 0
168 15 0 0 12 0 0 0 0 0
fn=open_path
1633 3 0 0 0 0 0 1 0 0
2168 10 1 1 0 0 0 7 0 0
2169 3 0 0 2 0 0 1 0 0
2172 1 0 0 0 0 0 1 0 0
2173 1 0 0 0 0 0 1 0 0
2175 2 1 1 0 0 0 0 0 0
2180 13 1 1 5 0 0 2 0 0
2187 1 0 0 0 0 0 1 0 0
2192 3 0 0 2 0 0 0 0 0
2199 8 1 1 3 0 0 5 0 0
2200 67 0 0 17 0 0 0 0 0
2203 32 1 1 16 0 0 0 0 0
2207 240 1 1 96 0 0 128 0 0
2210 32 1 1 16 0 0 16 0 0
2213 48 0 0 32 0 0 0 0 0
2214 3 0 0 0 0 0 1 0 0
2216 176 0 0 80 0 0 80 0 0
2218 48 1 1 16 0 0 0 0 0
2220 32 0 0 0 0 0 0 0 0
2225 48 1 1 16 0 0 0 0 0
2226 96 0 0 64 0 0 0 0 0
2232 96 1 1 48 0 0 16 0 0
2234 112 0 0 0 0 0 64 0 0
2235 4 0 0 1 0 0 0 0 0
2237 30 0 0 0 0 0 15 0 0
2239 3 1 1 0 0 0 1 0 0
2244 32 0 0 16 0 0 0 0 0
2282 1 0 0 0 0 0 0 0 0
2285 6 1 1 2 0 0 0 0 0
2290 2 0 0 2 0 0 0 0 0
2292 5 0 0 3 0 0 0 0 0
2295 3 0 0 1 0 0 0 0 0
2309 6 0 0 5 0 0 0 0 0
fn=open_verify
1873 216 1 1 18 0 0 144 1 1
1909 54 0 0 18 0 0 0 0 0
1930 90 1 1 18 0 0 72 1 1
1931 36 0 0 0 0 0 0 0 0
1941 2 0 0 0 0 0 2 0 0
1942 6 0 0 2 0 0 2 0 0
1947 20 1 1 4 0 0 8 0 0
1949 4 0 0 0 0 0 0 0 0
1951 8 0 0 4 0 0 2 0 0
1953 4 0 0 0 0 0 0 0 0
1959 4 0 0 0 0 0 0 0 0
1975 26 2 2 2 0 0 8 0 0
1977 4 0 0 4 0 0 0 0 0
1979 14 0 0 2 0 0 8 0 0
2006 3 1 1 3 0 0 0 0 0
2050 6 0 0 4 0 0 0 0 0
2055 4 0 0 2 0 0 0 0 0
2058 10 0 0 2 0 0 2 0 0
2063 4 0 0 2 0 0 0 0 0
2070 6 0 0 2 0 0 0 0 0
2071 10 1 1 2 0 0 2 0 0
2072 6 0 0 2 0 0 2 0 0
2087 87 1 1 15 0 0 2 0 0
2089 36 1 1 17 3 3 0 0 0
2093 12 0 0 6 0 0 2 0 0
2094 6 0 0 0 0 0 0 0 0
2103 23 2 2 4 0 0 12 0 0
2106 2 0 0 0 0 0 0 0 0
2107 6 0 0 2 0 0 0 0 0
2108 6 0 0 2 0 0 0 0 0
2110 6 0 0 0 0 0 0 0 0
2115 1 0 0 0 0 0 0 0 0
2116 1 0 0 0 0 0 0 0 0
2119 2 0 0 0 0 0 0 0 0
2122 4 0 0 1 0 0 0 0 0
2123 5 0 0 1 0 0 0 0 0
2124 3 0 0 2 0 0 1 0 0
2125 3 0 0 1 0 0 0 0 0
2126 6 0 0 2 0 0 0 0 0
2131 16 1 1 0 0 0 0 0 0
2154 108 0 0 90 0 0 0 0 0
fl=/build/buildd/eglibc-2.19/elf/dl-lookup.c
fn=_dl_lookup_symbol_x
475 95 0 0 0 0 0 0 0 0
476 5547 0 0 1363 89 86 0 0 0
477 5072 0 0 0 0 0 0 0 0
714 1045 2 2 0 0 0 760 3 0
716 95 0 0 0 0 0 95 0 0
717 190 1 1 0 0 0 190 0 0
720 95 0 0 95 2 2 0 0 0
724 457 0 0 181 0 0 0 0 0
728 1045 1 1 285 0 0 380 0 0
729 285 0 0 95 0 0 0 0 0
731 190 0 0 190 1 1 0 0 0
735 214 0 0 6 0 0 0 0 0
737 1995 1 1 950 0 0 1045 0 0
740 190 0 0 0 0 0 0 0 0
743 6 0 0 0 0 0 0 0 0
766 380 0 0 190 0 0 0 0 0
768 48 1 1 18 0 0 0 0 0
784 12 0 0 6 0 0 6 0 0
785 12 0 0 0 0 0 0 0 0
788 178 1 1 178 0 0 0 0 0
789 623 0 0 178 0 0 0 0 0
815 89 0 0 0 0 0 89 0 0
824 445 0 0 89 0 0 0 0 0
838 267 0 0 89 3 2 0 0 0
839 2 1 1 0 0 0 1 0 0
841 356 1 1 178 0 0 0 0 0
846 178 0 0 89 0 0 89 0 0
848 570 0 0 475 0 0 0 0 0
fn=_dl_setup_hash
856 28 0 0 0 0 0 20 0 0
859 12 1 1 4 0 0 0 0 0
863 4 0 0 4 0 0 0 0 0
867 8 1 1 4 4 4 4 0 0
868 4 0 0 4 0 0 0 0 0
869 4 0 0 4 3 3 0 0 0
871 12 0 0 0 0 0 0 0 0
872 4 0 0 0 0 0 4 0 0
873 12 0 0 4 0 0 4 0 0
875 4 0 0 0 0 0 4 0 0
876 4 0 0 0 0 0 0 0 0
878 4 0 0 0 0 0 4 0 0
879 4 0 0 0 0 0 0 0 0
880 12 1 1 0 0 0 4 0 0
894 24 0 0 20 0 0 0 0 0
fn=check_match.9376
131 801 1 1 0 0 0 445 0 0
132 178 0 0 89 9 8 0 0 0
134 445 1 1 178 1 1 0 0 0
136 267 0 0 89 0 0 0 0 0
146 267 0 0 178 0 0 89 2 0
149 322 0 0 143 1 0 54 0 0
153 178 0 0 178 1 1 0 0 0
154 267 1 1 89 0 0 0 0 0
156 172 0 0 0 0 0 0 0 0
175 172 0 0 172 8 5 0 0 0
176 602 1 1 258 3 2 0 0 0
177 774 2 2 258 0 0 344 0 0
179 87 0 0 0 0 0 0 0 0
204 6 0 0 0 0 0 0 0 0
206 18 0 0 6 2 1 0 0 0
207 12 0 0 3 0 0 0 0 0
210 4 0 0 0 0 0 0 0 0
211 10 0 0 2 0 0 2 0 0
213 4 0 0 0 0 0 2 0 0
222 534 0 0 445 0 0 0 0 0
fn=do_lookup_x
77 855 1 1 380 0 0 475 2 0
82 1045 1 1 190 0 0 570 3 0
88 190 0 0 95 2 1 95 0 0
89 95 0 0 95 0 0 0 0 0
95 298 1 1 0 0 0 298 0 0
96 298 0 0 0 0 0 298 0 0
98 1192 0 0 894 7 6 298 0 0
101 596 0 0 298 0 0 0 0 0
105 596 0 0 298 0 0 0 0 0
109 596 1 1 298 6 5 0 0 0
113 596 0 0 298 2 2 0 0 0
114 380 0 0 0 0 0 190 0 0
119 1192 0 0 298 0 0 298 0 0
123 894 0 0 596 12 9 298 0 0
124 894 0 0 596 0 0 298 0 0
225 298 0 0 298 0 0 0 0 0
226 596 1 1 0 0 0 0 0 0
228 298 0 0 298 39 38 0 0 0
229 285 0 0 0 0 0 95 0 0
230 596 0 0 596 0 0 0 0 0
233 1490 0 0 596 0 0 0 0 0
236 1192 0 0 0 0 0 0 0 0
237 894 0 0 0 0 0 0 0 0
239 190 1 1 190 51 48 0 0 0
240 285 1 1 190 0 0 0 0 0
241 190 0 0 0 0 0 0 0 0
243 190 0 0 95 0 0 0 0 0
246 975 0 0 390 69 66 0 0 0
248 534 1 1 178 0 0 89 0 0
249 736 0 0 273 0 0 184 0 0
250 182 0 0 2 0 0 0 0 0
253 324 0 0 0 0 0 0 0 0
257 211 0 0 0 0 0 211 0 0
272 190 1 1 0 0 0 95 0 0
281 424 1 1 213 0 0 0 0 0
283 4 0 0 0 0 0 0 0 0
286 753 1 1 89 0 0 89 0 0
290 36 1 1 12 1 1 0 0 0
303 267 0 0 178 0 0 89 0 0
304 267 1 1 178 0 0 89 0 0
305 89 0 0 0 0 0 0 0 0
461 1797 0 0 599 0 0 0 0 0
462 120 0 0 24 0 0 24 0 0
465 627 0 0 209 0 0 0 0 0
468 6 0 0 0 0 0 0 0 0
469 570 0 0 475 0 0 0 0 0
fl=/build/buildd/eglibc-2.19/elf/dl-minimal.c
fn=__libc_memalign
51 176 1 1 44 0 0 88 1 1
52 87 1 1 43 0 0 0 0 0
57 3 0 0 0 0 0 1 0 0
58 3 1 1 1 0 0 0 0 0
59 1 0 0 0 0 0 0 0 0
63 66 0 0 0 0 0 22 0 0
64 22 0 0 0 0 0 0 0 0
66 146 0 0 0 0 0 0 0 0
70 8 0 0 2 0 0 0 0 0
71 6 1 1 0 0 0 0 0 0
77 14 0 0 0 0 0 14 0 0
79 10 0 0 4 0 0 0 0 0
83 6 0 0 0 0 0 2 0 0
86 22 0 0 0 0 0 22 0 0
87 22 0 0 0 0 0 22 0 0
89 172 0 0 88 0 0 0 0 0
fn=calloc
102 64 1 1 16 0 0 32 0 0
106 16 1 1 0 0 0 0 0 0
109 32 0 0 0 0 0 0 0 0
113 16 0 0 0 0 0 16 0 0
114 40 0 0 32 0 0 0 0 0
fn=free
119 6 1 1 1 0 0 3 0 0
121 2 0 0 1 0 0 0 0 0
128 4 0 0 3 0 0 0 0 0
fn=malloc
93 84 1 1 0 0 0 42 2 2
94 84 0 0 21 0 0 63 0 0
95 63 0 0 42 0 0 0 0 0
fn=strsep
335 32 1 1 4 0 0 20 0 0
338 16 0 0 4 0 0 0 0 0
340 12 1 1 8 0 0 4 0 0
341 8 0 0 0 0 0 0 0 0
345 366 0 0 61 0 0 0 0 0
350 236 0 0 0 0 0 0 0 0
352 472 0 0 118 0 0 0 0 0
360 59 0 0 0 0 0 0 0 0
363 4 1 1 2 0 0 2 0 0
367 28 0 0 24 0 0 0 0 0
fl=/build/buildd/eglibc-2.19/elf/dl-misc.c
fn=_dl_name_match_p
288 304 1 1 0 0 0 152 0 0
289 228 0 0 38 2 1 114 2 1
290 3 0 0 0 0 0 0 0 0
292 38 0 0 38 0 0 0 0 0
294 154 0 0 0 0 0 0 0 0
295 252 1 1 42 4 3 126 0 0
298 39 0 0 39 0 0 0 0 0
300 35 0 0 0 0 0 0 0 0
301 190 0 0 152 0 0 0 0 0
fn=_dl_sysdep_read_whole_file
45 9 1 1 0 0 0 5 0 0
52 4 1 1 0 0 0 3 0 0
53 2 0 0 0 0 0 0 0 0
55 7 0 0 0 0 0 4 0 0
57 2 0 0 1 0 0 1 0 0
60 2 0 0 0 0 0 0 0 0
62 9 2 2 0 0 0 7 0 0
73 2 0 0 0 0 0 2 0 0
76 7 0 0 5 0 0 0 0 0
fl=/build/buildd/eglibc-2.19/elf/dl-object.c
fn=_dl_add_to_namespace_list
32 27 1 1 0 0 0 18 0 0
34 9 1 1 3 0 0 6 0 0
36 19 0 0 6 0 0 0 0 0
39 15 0 0 5 0 0 0 0 0
40 3 0 0 0 0 0 0 0 0
41 2 0 0 0 0 0 2 0 0
43 2 0 0 0 0 0 2 0 0
46 2 1 1 0 0 0 1 0 0
47 6 0 0 3 0 0 0 0 0
48 12 0 0 6 0 0 6 0 0
49 12 0 0 0 0 0 6 0 0
51 6 0 0 3 0 0 6 0 0
52 18 0 0 15 0 0 0 0 0
fn=_dl_new_object
61 33 1 1 3 0 0 24 1 1
62 15 0 0 0 0 0 12 2 2
68 39 2 2 6 0 0 0 0 0
75 21 0 0 3 0 0 12 0 0
78 6 0 0 0 0 0 0 0 0
81 3 0 0 0 0 0 3 1 1
82 9 1 1 3 0 0 3 3 3
86 6 0 0 0 0 0 3 0 0
87 30 0 0 9 0 0 18 0 0
89 3 0 0 0 0 0 3 0 0
97 15 1 1 9 0 0 3 0 0
98 18 0 0 6 2 2 3 0 0
101 6 0 0 3 0 0 0 0 0
102 8 1 1 0 0 0 3 3 3
103 3 0 0 0 0 0 3 0 0
107 6 0 0 3 0 0 3 0 0
110 58 1 1 0 0 0 0 0 0
112 16 0 0 0 0 0 16 2 2
122 6 0 0 0 0 0 3 2 2
123 3 0 0 0 0 0 3 0 0
126 3 0 0 0 0 0 0 0 0
128 12 0 0 6 1 1 0 0 0
130 6 0 0 0 0 0 2 0 0
133 7 1 1 0 0 0 0 0 0
137 8 0 0 2 0 0 0 0 0
141 12 0 0 2 0 0 0 0 0
143 1 0 0 0 0 0 0 0 0
149 1 0 0 0 0 0 1 0 0
152 6 1 1 0 0 0 3 0 0
155 18 0 0 6 0 0 0 0 0
157 12 0 0 2 0 0 8 0 0
161 10 0 0 0 0 0 0 0 0
165 6 1 1 0 0 0 4 0 0
166 8 0 0 0 0 0 0 0 0
211 14 1 1 4 0 0 8 0 0
216 78 0 0 0 0 0 0 0 0
217 84 0 0 40 0 0 0 0 0
222 4 0 0 0 0 0 2 0 0
225 4 0 0 0 0 0 2 0 0
229 18 1 1 15 0 0 0 0 0
fl=/build/buildd/eglibc-2.19/elf/dl-reloc.c
fn=_dl_protect_relro
322 32 1 1 0 0 0 16 0 0
323 16 0 0 8 0 0 0 0 0
324 8 0 0 4 0 0 0 0 0
325 8 0 0 4 0 0 0 0 0
328 8 0 0 0 0 0 0 0 0
329 28 1 1 0 0 0 16 0 0
335 20 0 0 16 0 0 0 0 0
fn=_dl_relocate_object
154 36 1 1 4 0 0 20 0 0
161 4 0 0 0 0 0 4 0 0
164 12 0 0 0 0 0 4 0 0
165 44 1 1 8 0 0 20 0 0
169 8 1 1 0 0 0 0 0 0
170 20 0 0 8 1 0 0 0 0
176 12 0 0 8 0 0 0 0 0
182 12 0 0 4 0 0 0 0 0
183 12 1 1 4 2 0 0 0 0
186 8 1 1 4 0 0 0 0 0
193 16 0 0 8 0 0 0 0 0
238 16 0 0 12 0 0 4 0 0
264 693 6 6 257 8 0 109 0 0
267 12 0 0 4 0 0 0 0 0
295 8 0 0 8 0 0 0 0 0
298 12 0 0 4 0 0 0 0 0
315 16 0 0 8 1 0 0 0 0
316 16 0 0 4 0 0 4 0 0
317 24 0 0 20 0 0 0 0 0
fl=/build/buildd/eglibc-2.19/elf/dl-runtime.c
fn=_dl_fixup
66 45 1 1 0 0 0 25 1 0
69 15 0 0 10 4 4 5 0 0
72 10 1 1 10 5 5 0 0 0
73 50 0 0 15 3 3 15 0 0
74 20 0 0 10 2 2 5 0 0
79 10 0 0 0 0 0 0 0 0
83 15 0 0 10 4 3 0 0 0
85 2 0 0 0 0 0 0 0 0
87 15 1 1 5 3 3 0 0 0
91 12 0 0 12 3 3 0 0 0
92 12 0 0 4 2 2 0 0 0
94 16 0 0 4 2 2 0 0 0
100 5 0 0 0 0 0 0 0 0
101 15 1 1 5 0 0 0 0 0
111 80 1 1 25 3 3 35 0 0
115 15 0 0 5 0 0 0 0 0
125 35 0 0 15 0 0 0 0 0
141 20 0 0 5 0 0 0 0 0
145 15 0 0 5 1 1 0 0 0
149 35 0 0 25 0 0 0 0 0
fl=/build/buildd/eglibc-2.19/elf/dl-tls.c
fn=___tls_get_addr
769 4 1 1 0 0 0 2 0 0
770 1 1 1 1 0 0 0 0 0
772 3 0 0 2 2 2 0 0 0
775 2 0 0 2 1 1 0 0 0
777 2 0 0 0 0 0 0 0 0
780 2 0 0 1 0 0 0 0 0
781 3 0 0 2 0 0 0 0 0
fn=_dl_add_to_slotinfo
831 8 1 1 0 0 0 5 0 0
837 2 0 0 2 0 0 0 0 0
840 2 0 0 1 1 0 0 0 0
845 3 0 0 1 1 0 0 0 0
886 3 1 1 1 0 0 1 0 0
887 3 0 0 1 0 0 1 0 0
888 6 0 0 5 0 0 0 0 0
fn=_dl_allocate_tls_init
376 8 1 1 0 0 0 6 0 0
377 2 0 0 0 0 0 0 0 0
381 3 0 0 2 1 0 1 0 0
383 1 1 1 0 0 0 1 0 0
384 1 0 0 0 0 0 1 0 0
389 3 0 0 1 0 0 1 0 0
394 15 0 0 6 0 0 0 0 0
400 8 1 1 1 0 0 0 0 0
403 1 1 1 1 0 0 0 0 0
404 2 0 0 0 0 0 0 0 0
410 5 0 0 2 0 0 1 0 0
412 2 1 1 0 0 0 0 0 0
413 2 0 0 1 0 0 0 0 0
422 2 0 0 1 0 0 0 0 0
423 5 0 0 2 0 0 1 0 0
425 2 0 0 1 0 0 0 0 0
426 3 0 0 1 0 0 0 0 0
434 3 1 1 1 0 0 1 1 0
435 1 0 0 0 0 0 1 0 0
436 11 0 0 2 0 0 8 0 0
450 3 2 2 2 0 0 1 0 0
452 1 0 0 1 0 0 0 0 0
453 6 0 0 5 0 0 0 0 0
fn=_dl_allocate_tls_storage
328 7 2 2 0 0 0 5 0 0
330 1 0 0 1 0 0 0 0 0
341 5 0 0 1 0 0 3 0 0
342 2 0 0 0 0 0 0 0 0
349 1 0 0 0 0 0 0 0 0
353 318 1 1 0 0 0 304 19 19
364 2 0 0 0 0 0 1 0 0
365 2 0 0 0 0 0 0 0 0
370 6 0 0 5 0 0 0 0 0
fn=_dl_determine_tlsoffset
112 7 1 1 0 0 0 5 0 0
113 2 0 0 0 0 0 1 0 0
114 1 0 0 0 0 0 1 0 0
115 1 1 1 0 0 0 1 0 0
118 3 0 0 1 0 0 0 0 0
121 3 1 1 1 0 0 0 0 0
123 2 0 0 0 0 0 1 0 0
155 1 0 0 0 0 0 1 0 0
157 10 0 0 5 0 0 1 0 0
159 4 0 0 1 0 0 1 0 0
161 4 1 1 1 0 0 1 0 0
162 2 1 1 1 0 0 0 0 0
164 4 0 0 1 0 0 1 0 0
166 7 0 0 4 0 0 1 0 0
168 1 0 0 0 0 0 0 0 0
182 8 0 0 2 0 0 1 0 0
184 4 0 0 1 0 0 0 0 0
185 1 1 1 1 0 0 0 0 0
194 1 0 0 0 0 0 1 0 0
197 9 1 1 2 0 0 1 0 0
198 1 0 0 0 0 0 1 0 0
249 2 0 0 1 0 0 1 0 0
250 6 0 0 5 0 0 0 0 0
fn=_dl_next_tls_modid
50 7 1 1 0 0 0 5 0 0
53 3 1 1 2 0 0 0 0 0
101 2 0 0 0 0 0 1 0 0
105 6 0 0 5 0 0 0 0 0
fn=allocate_dtv
288 7 1 1 0 0 0 4 0 0
295 2 0 0 1 0 0 0 0 0
296 4 0 0 0 0 0 3 0 0
297 2 0 0 0 0 0 0 0 0
300 1 0 0 0 0 0 1 1 1
306 2 0 0 0 0 0 1 0 0
312 6 0 0 4 0 0 0 0 0
fl=/build/buildd/eglibc-2.19/elf/dl-version.c
fn=_dl_check_all_versions
380 9 1 1 0 0 0 6 0 0
382 2 0 0 0 0 0 0 0 0
384 15 0 0 4 0 0 0 0 0
385 4 0 0 0 0 0 0 0 0
386 40 1 1 8 0 0 4 0 0
389 7 0 0 5 0 0 0 0 0
fn=_dl_check_map_versions
56 22 1 1 8 0 0 0 0 0
57 5 0 0 5 0 0 0 0 0
58 37 0 0 0 0 0 9 0 0
174 44 1 1 0 0 0 32 0 0
175 2 0 0 0 0 0 2 0 0
183 2 0 0 0 0 0 2 0 0
189 16 1 1 4 0 0 0 0 0
191 8 0 0 4 0 0 4 0 0
193 16 0 0 4 0 0 4 0 0
194 12 0 0 4 0 0 4 0 0
196 8 0 0 0 0 0 0 0 0
199 6 1 1 4 0 0 2 0 0
203 12 0 0 2 2 2 6 0 0
220 6 0 0 6 0 0 0 0 0
228 6 0 0 2 0 0 0 0 0
233 8 1 1 4 0 0 0 0 0
237 114 1 1 63 1 1 30 0 0
244 20 0 0 4 0 0 4 0 0
247 12 1 1 4 0 0 0 0 0
252 2 0 0 0 0 0 0 0 0
256 8 0 0 4 0 0 0 0 0
270 12 1 1 4 0 0 0 0 0
273 8 0 0 8 0 0 0 0 0
276 160 0 0 39 11 11 2 0 0
279 121 0 0 39 6 6 2 0 0
283 37 0 0 0 0 0 0 0 0
287 12 1 1 4 0 0 0 0 0
292 6 0 0 3 0 0 3 0 0
293 24 0 0 3 0 0 12 0 0
294 6 0 0 0 0 0 0 0 0
302 3 1 1 0 0 0 3 0 0
305 12 0 0 6 0 0 3 0 0
307 9 0 0 3 0 0 0 0 0
310 10 0 0 6 0 0 2 0 0
314 8 0 0 2 0 0 2 0 0
317 4 0 0 4 0 0 0 0 0
319 16 1 1 4 0 0 0 0 0
321 16 0 0 8 0 0 4 0 0
322 12 0 0 0 0 0 4 2 2
323 12 0 0 4 0 0 4 0 0
324 16 0 0 8 0 0 4 0 0
327 14 0 0 6 0 0 0 0 0
332 2 0 0 0 0 0 0 0 0
335 6 1 1 2 0 0 0 0 0
341 2 0 0 2 0 0 0 0 0
345 9 0 0 3 0 0 0 0 0
348 12 0 0 8 0 0 2 0 0
352 39 0 0 39 0 0 0 0 0
354 78 0 0 39 0 0 0 0 0
358 37 0 0 37 0 0 0 0 0
359 185 0 0 74 0 0 37 2 2
360 111 0 0 37 0 0 37 0 0
361 37 0 0 0 0 0 37 8 8
364 117 0 0 39 0 0 0 0 0
368 37 0 0 0 0 0 0 0 0
373 7 2 2 7 0 0 0 0 0
374 24 0 0 20 0 0 0 0 0
fn=match_symbol
76 40 2 2 0 0 0 24 0 0
77 12 0 0 12 0 0 0 0 0
85 8 0 0 4 0 0 0 0 0
91 16 0 0 8 0 0 0 0 0
106 4 0 0 4 0 0 0 0 0
107 8 0 0 0 0 0 0 0 0
109 8 0 0 8 0 0 0 0 0
114 30 1 1 15 2 2 0 0 0
128 30 0 0 15 2 2 0 0 0
133 44 2 2 16 0 0 16 0 0
140 33 0 0 11 1 1 0 0 0
144 11 0 0 0 0 0 0 0 0
168 24 0 0 20 0 0 0 0 0
fl=/build/buildd/eglibc-2.19/elf/do-rel.h
fn=_dl_relocate_object
46 8 0 0 0 0 0 0 0 0
47 32 1 1 0 0 0 16 0 0
58 16 1 1 0 0 0 0 0 0
61 98 1 1 46 0 0 8 0 0
83 26 0 0 13 0 0 13 0 0
84 26 1 1 26 0 0 0 0 0
86 42 0 0 16 0 0 5 0 0
98 47 0 0 26 0 0 4 0 0
105 9 0 0 3 0 0 0 0 0
108 26 0 0 10 1 0 0 0 0
111 3790 2 2 8 0 0 0 0 0
112 2512 0 0 1258 157 157 0 0 0
118 52 1 1 26 3 0 0 0 0
121 20 1 1 10 1 0 10 0 0
124 439 1 1 323 0 0 0 0 0
136 618 0 0 412 56 51 0 0 0
137 497 1 1 103 0 0 206 0 0
138 394 0 0 206 0 0 103 0 0
139 309 0 0 206 0 0 103 0 0
160 33 2 2 19 0 0 0 0 0
170 25 0 0 10 0 0 0 0 0
171 20 0 0 15 1 1 5 0 0
fn=_dl_start
83 2 0 0 1 0 0 1 0 0
84 1 0 0 1 0 0 0 0 0
111 36 0 0 0 0 0 0 0 0
112 22 0 0 11 1 1 0 0 0
116 3 1 1 1 0 0 0 0 0
124 35 0 0 10 0 0 2 0 0
137 45 0 0 18 1 1 0 0 0
139 27 0 0 18 0 0 9 0 0
fl=/build/buildd/eglibc-2.19/elf/get-dynamic-info.h
fn=_dl_map_object_from_fd
38 4 0 0 0 0 0 0 0 0
42 2 1 1 0 0 0 0 0 0
44 141 0 0 47 8 8 0 0 0
46 90 1 1 0 0 0 0 0 0
51 40 0 0 0 0 0 0 0 0
52 67 1 1 0 0 0 43 6 6
53 8 0 0 0 0 0 0 0 0
56 8 0 0 0 0 0 0 0 0
59 8 0 0 0 0 0 0 0 0
61 6 1 1 0 0 0 2 0 0
62 45 0 0 0 0 0 0 0 0
69 6 0 0 2 0 0 0 0 0
89 8 0 0 4 0 0 0 0 0
90 10 0 0 6 0 0 0 0 0
91 10 1 1 6 0 0 0 0 0
92 10 0 0 6 0 0 0 0 0
94 6 0 0 2 0 0 0 0 0
97 10 0 0 6 0 0 0 0 0
99 10 1 1 6 0 0 0 0 0
100 8 0 0 4 1 1 0 0 0
101 10 0 0 6 0 0 0 0 0
107 6 0 0 2 0 0 0 0 0
114 10 1 1 2 0 0 0 0 0
119 6 1 1 2 0 0 0 0 0
123 6 0 0 2 0 0 0 0 0
124 6 0 0 4 0 0 0 0 0
136 6 0 0 2 0 0 0 0 0
141 2 0 0 1 0 0 1 0 0
143 2 0 0 0 0 0 0 0 0
145 2 0 0 0 0 0 0 0 0
147 2 0 0 0 0 0 0 0 0
150 6 1 1 2 0 0 0 0 0
152 2 0 0 1 0 0 1 0 0
160 2 0 0 1 0 0 0 0 0
161 2 0 0 0 0 0 0 0 0
165 2 0 0 0 0 0 0 0 0
168 6 1 1 2 0 0 0 0 0
fn=_dl_start
44 57 0 0 19 4 4 0 0 0
46 36 0 0 0 0 0 0 0 0
51 21 0 0 0 0 0 0 0 0
52 29 0 0 0 0 0 17 4 4
53 4 1 1 0 0 0 0 0 0
56 4 2 2 0 0 0 0 0 0
59 4 2 2 0 0 0 0 0 0
61 3 0 0 0 0 0 1 1 1
62 18 0 0 0 0 0 0 0 0
69 2 0 0 0 0 0 0 0 0
89 4 0 0 2 0 0 0 0 0
90 4 0 0 2 0 0 0 0 0
91 4 1 1 2 0 0 0 0 0
92 4 0 0 2 0 0 0 0 0
97 4 0 0 2 0 0 0 0 0
99 4 0 0 2 0 0 0 0 0
100 4 0 0 2 0 0 0 0 0
101 4 1 1 2 0 0 0 0 0
107 3 0 0 1 0 0 0 0 0
110 2 0 0 1 0 0 0 0 0
123 3 0 0 1 0 0 0 0 0
124 3 0 0 2 0 0 0 0 0
128 3 0 0 1 0 0 0 0 0
130 3 1 1 1 0 0 0 0 0
133 3 0 0 1 0 0 0 0 0
134 3 0 0 1 0 0 0 0 0
fn=dl_main
29 2 1 1 2 0 0 0 0 0
38 2 0 0 0 0 0 0 0 0
42 1 0 0 0 0 0 0 0 0
44 72 0 0 24 4 4 0 0 0
46 46 0 0 0 0 0 0 0 0
51 17 1 1 0 0 0 0 0 0
52 31 0 0 0 0 0 22 3 3
53 4 0 0 0 0 0 0 0 0
56 4 1 1 0 0 0 0 0 0
59 4 0 0 0 0 0 0 0 0
61 3 0 0 0 0 0 1 0 0
62 23 0 0 0 0 0 0 0 0
69 4 0 0 2 0 0 0 0 0
107 4 1 1 2 0 0 0 0 0
114 5 0 0 1 0 0 0 0 0
119 4 1 1 2 0 0 0 0 0
123 4 0 0 2 0 0 0 0 0
124 3 0 0 2 0 0 0 0 0
136 4 0 0 2 0 0 0 0 0
150 4 1 1 2 0 0 0 0 0
168 4 1 1 2 0 0 0 0 0
fl=/build/buildd/eglibc-2.19/elf/rtld.c
fn=_dl_initial_error_catch_tsd
795 8 1 1 0 0 0 4 0 0
798 8 0 0 4 0 0 0 0 0
fn=_dl_start
285 78 1 1 12 0 0 12 0 0
297 2 0 0 0 0 0 1 0 0
298 2 0 0 0 0 0 1 0 0
299 2 1 1 0 0 0 1 1 1
300 2 0 0 0 0 0 1 0 0
301 2 0 0 0 0 0 1 0 0
322 3 0 0 0 0 0 2 0 0
326 1 0 0 0 0 0 1 0 0
332 6 0 0 1 0 0 3 0 0
341 1 0 0 0 0 0 0 0 0
344 4 0 0 2 0 0 2 1 0
348 2 0 0 1 0 0 0 0 0
362 9 1 1 0 0 0 6 2 2
380 3 0 0 0 0 0 2 1 1
406 1 0 0 0 0 0 1 0 0
409 1 1 1 0 0 0 1 1 1
537 2 1 1 0 0 0 0 0 0
542 39 2 2 18 0 0 5 0 0
544 1 0 0 1 1 1 0 0 0
569 7 0 0 5 0 0 0 0 0
fn=dl_main
891 8 1 1 0 0 0 5 0 0
897 1 0 0 0 0 0 1 0 0
899 2 0 0 0 0 0 0 0 0
900 1 0 0 0 0 0 0 0 0
906 1 0 0 0 0 0 1 0 0
910 2 1 1 0 0 0 1 0 0
913 2 0 0 0 0 0 1 1 1
917 2 0 0 0 0 0 1 1 1
918 2 0 0 0 0 0 1 0 0
923 2 0 0 0 0 0 1 0 0
933 4 1 1 2 0 0 0 0 0
1132 9 1 1 0 0 0 5 0 0
1134 2 0 0 0 0 0 0 0 0
1135 3 1 1 2 0 0 1 0 0
1136 2 0 0 1 0 0 1 0 0
1137 3 0 0 2 0 0 1 0 0
1141 3 0 0 0 0 0 1 0 0
1142 2 0 0 1 0 0 0 0 0
1163 2 1 1 1 0 0 1 0 0
1164 1 0 0 0 0 0 1 0 0
1166 1 0 0 0 0 0 1 0 0
1168 1 0 0 1 0 0 0 0 0
1171 36 2 2 15 0 0 1 0 0
1172 71 1 1 9 4 4 0 0 0
1176 3 1 1 2 0 0 1 0 0
1177 1 0 0 0 0 0 0 0 0
1181 3 1 1 2 0 0 1 0 0
1182 1 0 0 0 0 0 0 0 0
1190 1 0 0 0 0 0 1 1 1
1191 2 0 0 2 0 0 0 0 0
1193 4 2 2 1 0 0 2 0 0
1200 3 0 0 1 0 0 0 0 0
1214 2 1 1 0 0 0 1 0 0
1218 1 0 0 0 0 0 1 0 0
1226 6 0 0 4 0 0 2 0 0
1227 13 1 1 6 0 0 3 0 0
1228 4 0 0 2 0 0 0 0 0
1229 1 0 0 0 0 0 1 0 0
1232 4 0 0 4 1 1 0 0 0
1233 4 0 0 2 0 0 0 0 0
1234 2 0 0 0 0 0 2 0 0
1235 6 0 0 3 0 0 0 0 0
1236 2 0 0 0 0 0 1 0 0
1263 2 1 1 1 0 0 1 0 0
1264 1 0 0 0 0 0 0 0 0
1267 2 0 0 1 0 0 1 0 0
1268 2 0 0 1 1 1 1 0 0
1269 1 0 0 0 0 0 0 0 0
1274 4 0 0 2 1 1 0 0 0
1277 2 0 0 0 0 0 0 0 0
1279 2 0 0 0 0 0 0 0 0
1281 3 1 1 1 0 0 0 0 0
1294 3 0 0 1 0 0 0 0 0
1295 12 0 0 6 0 0 4 0 0
1300 1 0 0 0 0 0 1 0 0
1302 1 1 1 0 0 0 1 0 0
1303 1 0 0 0 0 0 1 0 0
1305 3 0 0 1 0 0 0 0 0
1306 2 0 0 0 0 0 1 0 0
1310 2 0 0 1 0 0 0 0 0
1312 3 0 0 0 0 0 0 0 0
1317 2 0 0 1 0 0 1 0 0
1320 2 1 1 1 0 0 0 0 0
1336 4 1 1 0 0 0 2 0 0
1342 9 1 1 1 0 0 2 0 0
1347 2 1 1 1 0 0 1 0 0
1350 4 1 1 1 0 0 2 0 0
1352 1 0 0 0 0 0 1 0 0
1357 3 0 0 1 0 0 0 0 0
1360 3 0 0 2 0 0 1 0 0
1361 4 0 0 1 0 0 1 0 0
1362 3 1 1 2 0 0 1 0 0
1363 1 0 0 0 0 0 1 0 0
1364 1 0 0 1 0 0 0 0 0
1365 2 0 0 2 0 0 0 0 0
1370 2 0 0 1 0 0 0 0 0
1371 6 0 0 1 0 0 1 0 0
1375 1 0 0 1 0 0 0 0 0
1377 2 1 1 1 1 1 0 0 0
1378 1 0 0 0 0 0 1 0 0
1379 2 0 0 1 0 0 1 0 0
1384 2 0 0 0 0 0 0 0 0
1385 9 0 0 1 1 1 0 0 0
1387 2 0 0 1 0 0 1 1 1
1388 2 1 1 1 1 1 1 0 0
1393 3 0 0 1 0 0 0 0 0
1398 3 0 0 1 0 0 0 0 0
1521 1 1 1 0 0 0 0 0 0
1579 4 0 0 2 0 0 0 0 0
1582 2 0 0 1 0 0 1 0 0
1586 3 1 1 1 0 0 0 0 0
1591 2 0 0 1 0 0 1 0 0
1592 1 0 0 0 0 0 1 0 0
1597 3 0 0 1 0 0 0 0 0
1612 4 0 0 2 0 0 0 0 0
1614 1 0 0 0 0 0 1 0 0
1616 3 1 1 1 0 0 0 0 0
1623 13 2 2 0 0 0 7 0 0
1626 5 0 0 0 0 0 2 0 0
1629 14 0 0 2 0 0 6 0 0
1630 2 0 0 1 0 0 0 0 0
1631 3 1 1 1 0 0 0 0 0
1633 8 0 0 2 0 0 3 0 0
1635 1 1 1 0 0 0 0 0 0
1636 2 0 0 2 0 0 0 0 0
1637 3 1 1 2 0 0 0 0 0
1647 7 0 0 0 0 0 4 0 0
1724 4 0 0 2 0 0 0 0 0
1728 7 2 2 1 0 0 0 0 0
1729 1 0 0 0 0 0 0 0 0
1732 2 0 0 0 0 0 1 0 0
1733 1 0 0 1 0 0 0 0 0
1734 2 0 0 0 0 0 0 0 0
1735 2 0 0 1 0 0 0 0 0
1741 3 0 0 0 0 0 2 0 0
1742 12 1 1 3 0 0 4 0 0
1743 1 0 0 0 0 0 0 0 0
1745 4 1 1 4 0 0 0 0 0
1748 14 0 0 3 0 0 0 0 0
1749 12 0 0 8 0 0 0 0 0
1752 3 0 0 2 0 0 1 0 0
1753 3 0 0 1 0 0 0 0 0
1754 1 1 1 0 0 0 1 0 0
1756 10 0 0 0 0 0 0 0 0
1757 11 0 0 8 0 0 0 0 0
1767 2 1 1 0 0 0 1 0 0
1769 2 0 0 1 0 0 1 0 0
1770 3 0 0 1 0 0 0 0 0
1772 2 1 1 0 0 0 1 0 0
1774 3 0 0 0 0 0 0 0 0
1776 3 0 0 1 0 0 0 0 0
1777 1 0 0 1 0 0 0 0 0
1790 2 0 0 0 0 0 0 0 0
1791 2 0 0 1 0 0 1 0 0
1792 3 1 1 1 0 0 0 0 0
1803 5 0 0 1 0 0 1 0 0
1804 2 0 0 1 0 0 1 0 0
1805 6 1 1 0 0 0 2 0 0
1815 2 0 0 1 0 0 1 0 0
1816 3 0 0 1 0 0 0 0 0
1817 2 0 0 0 0 0 2 0 0
1819 3 0 0 1 0 0 0 0 0
1822 1 0 0 0 0 0 1 0 0
1824 3 0 0 1 0 0 0 0 0
2054 4 1 1 2 1 1 0 0 0
2062 1 1 1 1 0 0 0 0 0
2110 4 2 2 1 0 0 1 0 0
2114 4 0 0 2 0 0 2 0 0
2118 2 0 0 1 0 0 1 0 0
2121 2 0 0 0 0 0 0 0 0
2129 3 0 0 0 0 0 0 0 0
2175 5 1 1 1 0 0 1 0 0
2182 1 0 0 1 0 0 0 0 0
2184 3 0 0 0 0 0 2 0 0
2185 3 0 0 2 0 0 0 0 0
2186 21 2 2 6 0 0 2 0 0
2188 12 0 0 12 1 0 0 0 0
2193 8 0 0 8 0 0 0 0 0
2195 10 0 0 0 0 0 0 0 0
2197 1 1 1 0 0 0 1 0 0
2198 1 1 1 1 0 0 0 0 0
2201 4 0 0 4 0 0 0 0 0
2203 8 0 0 4 0 0 0 0 0
2204 33 0 0 9 1 0 15 0 0
2208 22 0 0 9 2 0 0 0 0
2209 3 0 0 0 0 0 2 0 0
2211 1 0 0 0 0 0 0 0 0
2213 4 0 0 2 0 0 2 0 0
2219 3 0 0 1 0 0 0 0 0
2224 5 0 0 2 0 0 0 0 0
2225 1 1 1 1 0 0 0 0 0
2230 2 0 0 1 0 0 1 0 0
2234 2 0 0 1 0 0 0 0 0
2248 3 1 1 2 1 0 0 0 0
2250 5 1 1 1 0 0 0 0 0
2265 3 0 0 0 0 0 2 0 0
2267 1 0 0 1 0 0 0 0 0
2268 8 1 1 3 0 0 5 0 0
2269 1 0 0 0 0 0 0 0 0
2271 5 0 0 4 0 0 0 0 0
2279 1 0 0 0 0 0 1 0 0
2283 3 0 0 1 0 0 0 0 0
2303 3 0 0 0 0 0 1 0 0
2304 1 0 0 0 0 0 1 0 0
2305 1 0 0 0 0 0 1 0 0
2310 1 0 0 0 0 0 1 0 0
2315 6 0 0 5 2 0 0 0 0
2485 2 1 1 1 0 0 1 0 0
2487 1 0 0 0 0 0 1 0 0
2488 1 0 0 0 0 0 1 1 1
2492 8 0 0 1 0 0 2 0 0
2494 15 0 0 3 0 0 3 1 1
2498 107 1 1 21 1 1 0 0 0
2499 19 0 0 0 0 0 0 0 0
2501 4 0 0 0 0 0 0 0 0
2507 12 0 0 2 1 1 0 0 0
2530 7 2 2 0 0 0 4 0 0
2537 7 1 1 0 0 0 4 0 0
2539 3 0 0 0 0 0 1 0 0
2583 7 1 1 0 0 0 4 1 1
2585 3 0 0 0 0 0 1 0 0
2650 2 0 0 0 0 0 1 0 0
2660 3 0 0 1 0 0 0 0 0
2693 3 1 1 1 0 0 0 0 0
fn=do_preload
804 9 0 0 0 0 0 5 0 0
806 1 0 0 0 0 0 1 0 0
810 1 0 0 0 0 0 1 0 0
811 1 0 0 0 0 0 1 0 0
812 1 0 0 0 0 0 1 0 0
814 2 0 0 1 0 0 1 0 0
816 10 1 1 0 0 0 5 0 0
817 3 0 0 1 0 0 0 0 0
825 4 1 1 2 0 0 0 0 0
831 6 0 0 5 0 0 0 0 0
fn=init_tls
717 6 2 2 0 0 0 4 0 0
719 2 0 0 1 0 0 1 0 0
723 2 0 0 1 0 0 0 0 0
724 1 0 0 0 0 0 0 0 0
729 2 0 0 0 0 0 1 1 1
732 1 0 0 0 0 0 1 0 0
733 4 0 0 0 0 0 3 0 0
738 1 0 0 0 0 0 0 0 0
740 1 0 0 0 0 0 1 0 0
744 2 1 1 1 1 1 0 0 0
745 1 0 0 0 0 0 0 0 0
746 11 1 1 1 0 0 0 0 0
747 8 0 0 4 0 0 0 0 0
748 8 0 0 4 0 0 0 0 0
752 1 0 0 0 0 0 1 0 0
754 1 0 0 0 0 0 0 0 0
756 2 0 0 0 0 0 0 0 0
759 1 1 1 0 0 0 1 0 0
766 2 0 0 0 0 0 1 0 0
767 2 0 0 0 0 0 0 0 0
773 2 1 1 1 0 0 1 0 0
781 18 1 1 2 0 0 7 0 0
785 1 0 0 0 0 0 1 0 0
787 2 0 0 0 0 0 0 0 0
788 5 1 1 4 0 0 0 0 0
fn=map_doit
625 5 1 1 1 0 0 2 0 0
627 10 1 1 3 0 0 5 0 0
629 3 0 0 3 0 0 0 0 0
fn=rtld_lock_default_lock_recursive
837 4 1 1 4 0 0 0 0 0
838 8 0 0 8 1 1 0 0 0
fn=rtld_lock_default_unlock_recursive
843 4 0 0 4 0 0 0 0 0
844 8 0 0 8 0 0 0 0 0
fn=security_init
851 5 0 0 0 0 0 3 0 0
853 1 0 0 1 0 0 0 0 0
855 1 0 0 0 0 0 1 0 0
861 2 0 0 1 0 0 0 0 0
863 1 0 0 1 0 0 0 0 0
866 1 0 0 0 0 0 1 0 0
868 1 0 0 0 0 0 1 0 0
874 1 0 0 0 0 0 1 0 0
875 4 0 0 3 0 0 0 0 0
fn=version_check_doit
657 6 2 2 1 0 0 3 0 0
659 6 0 0 2 0 0 1 0 0
663 4 0 0 3 0 0 0 0 0
fl=/build/buildd/eglibc-2.19/elf/setup-vdso.h
fn=dl_main
24 3 0 0 1 0 0 0 0 0
fl=/build/buildd/eglibc-2.19/io/../sysdeps/unix/syscall-template.S
fn=__write_nocancel
81 10 1 1 6 0 0 2 0 0
fn=access
81 24 1 1 6 0 0 0 0 0
82 18 1 1 3 0 0 6 0 0
fn=close
81 21 1 1 3 0 0 0 0 0
82 3 0 0 3 0 0 0 0 0
fn=open
81 171 1 1 76 0 0 19 0 0
82 99 0 0 19 0 0 32 0 0
fn=read
81 18 1 1 8 0 0 2 0 0
82 2 0 0 2 0 0 0 0 0
fn=write
81 2 1 1 1 0 0 0 0 0
fl=/build/buildd/eglibc-2.19/io/../sysdeps/unix/sysv/linux/fxstat64.c
fn=__fxstat64
33 9 1 1 0 0 0 6 0 0
35 24 1 1 6 0 0 0 0 0
41 6 0 0 6 0 0 0 0 0
fn=__fxstat64@@GLIBC_2.2
33 3 1 1 0 0 0 2 0 0
35 8 0 0 3 0 0 1 0 0
41 2 0 0 2 0 0 0 0 0
fl=/build/buildd/eglibc-2.19/io/../sysdeps/unix/sysv/linux/xstat64.c
fn=__xstat64
33 48 1 1 0 0 0 32 0 0
35 173 0 0 32 0 0 15 0 0
41 32 0 0 32 0 0 0 0 0
fl=/build/buildd/eglibc-2.19/libio/filedoalloc.c
fn=_IO_file_doallocate
96 8 2 2 1 0 0 5 0 0
111 11 0 0 4 0 0 3 0 0
113 4 1 1 1 0 0 0 0 0
124 6 0 0 1 0 0 0 0 0
128 9 1 1 0 0 0 7 0 0
129 6 0 0 0 0 0 5 0 0
130 1 1 1 0 0 0 0 0 0
131 6 0 0 5 0 0 0 0 0
fl=/build/buildd/eglibc-2.19/libio/fileops.c
fn=_IO_do_write@@GLIBC_2.1
509 6 1 1 2 0 0 2 0 0
511 14 0 0 2 0 0 2 0 0
512 6 0 0 4 0 0 0 0 0
fn=_IO_file_overflow@@GLIBC_2.1
824 18 2 2 4 0 0 10 0 0
825 6 0 0 2 0 0 0 0 0
832 8 0 0 2 0 0 0 0 0
835 3 1 1 1 0 0 0 0 0
837 2 1 1 0 0 0 2 0 0
838 6 0 0 2 0 0 3 0 0
847 2 0 0 0 0 0 0 0 0
856 4 1 1 2 0 0 0 0 0
858 1 0 0 0 0 0 1 0 0
859 1 0 0 0 0 0 1 0 0
860 1 0 0 0 0 0 1 0 0
861 2 0 0 0 0 0 2 0 0
863 3 0 0 0 0 0 1 0 0
864 5 0 0 1 0 0 0 0 0
867 4 0 0 0 0 0 0 0 0
868 10 1 1 0 0 0 8 0 0
869 4 1 1 2 0 0 0 0 0
880 12 0 0 10 0 0 0 0 0
fn=_IO_file_setbuf@@GLIBC_2.1
461 6 2 2 1 0 0 3 0 0
462 8 0 0 2 0 0 4 0 0
465 2 0 0 0 0 0 2 0 0
466 2 0 0 1 0 0 1 0 0
467 3 0 0 0 0 0 3 0 0
469 1 0 0 0 0 0 0 0 0
470 4 0 0 3 0 0 0 0 0
fn=_IO_file_stat
1222 1 1 1 0 0 0 0 0 0
1223 7 0 0 3 0 0 4 0 0
1224 2 0 0 1 0 0 0 0 0
fn=_IO_file_sync@@GLIBC_2.1
886 6 1 1 1 0 0 3 0 0
891 4 0 0 2 0 0 0 0 0
893 1 1 1 1 0 0 0 0 0
894 2 0 0 1 0 0 0 0 0
911 3 1 1 0 0 0 2 0 0
915 4 0 0 3 0 0 0 0 0
fn=_IO_file_write@@GLIBC_2.1
1254 6 1 1 2 0 0 3 0 0
1256 7 0 0 2 0 0 0 0 0
1261 7 1 1 2 0 0 4 0 0
1262 2 0 0 0 0 0 0 0 0
1267 1 0 0 0 0 0 0 0 0
1268 1 0 0 0 0 0 0 0 0
1271 4 0 0 2 0 0 0 0 0
1274 8 0 0 5 0 0 0 0 0
fn=_IO_file_xsputn@@GLIBC_2.1
1281 36 1 1 8 0 0 20 1 1
1287 8 0 0 0 0 0 0 0 0
1288 4 0 0 0 0 0 0 0 0
1294 16 0 0 4 0 0 0 0 0
1311 18 1 1 8 0 0 0 0 0
1312 6 0 0 0 0 0 0 0 0
1315 18 0 0 0 0 0 0 0 0
1320 24 0 0 6 0 0 18 0 0
1325 3 0 0 3 0 0 0 0 0
1326 9 0 0 0 0 0 0 0 0
1328 12 0 0 0 0 0 0 0 0
1332 7 0 0 3 0 0 3 0 0
1338 2 0 0 2 0 0 0 0 0
1339 6 1 1 0 0 0 0 0 0
1341 3 0 0 0 0 0 0 0 0
1352 2 0 0 0 0 0 0 0 0
1353 7 0 0 1 0 0 4 0 0
1355 8 1 1 0 0 0 0 0 0
1356 24 0 0 20 0 0 0 0 0
fn=new_do_write
521 6 1 1 0 0 0 3 0 0
523 2 0 0 1 0 0 0 0 0
530 4 1 1 2 0 0 0 0 0
533 1 1 1 0 0 0 0 0 0
538 9 0 0 4 1 1 4 0 0
539 3 0 0 1 0 0 0 0 0
541 4 0 0 1 0 0 3 0 0
542 2 0 0 0 0 0 2 0 0
543 1 0 0 0 0 0 1 0 0
544 3 2 2 1 0 0 0 0 0
545 4 0 0 2 0 0 0 0 0
547 5 0 0 4 0 0 0 0 0
fl=/build/buildd/eglibc-2.19/libio/genops.c
fn=_IO_cleanup
950 13 0 0 4 0 0 0 0 0
952 9 0 0 3 0 0 0 0 0
953 4 0 0 0 0 0 0 0 0
954 2 0 0 0 0 0 0 0 0
956 4 0 0 1 0 0 0 0 0
962 17 1 1 7 0 0 2 0 0
970 5 0 0 2 0 0 0 0 0
972 2 1 1 0 0 0 1 0 0
974 2 0 0 1 0 0 1 0 0
975 1 0 0 0 0 0 1 0 0
976 2 0 0 1 0 0 1 0 0
977 4 0 0 1 0 0 1 0 0
980 6 0 0 3 0 0 4 0 0
983 5 0 0 1 0 0 0 0 0
984 8 1 1 3 0 0 1 0 0
990 3 1 1 0 0 0 3 0 0
1010 7 1 1 0 0 0 5 0 0
1013 3 1 1 0 0 0 3 0 0
1025 7 0 0 6 0 0 0 0 0
fn=_IO_default_setbuf
557 5 1 1 2 0 0 2 0 0
558 6 0 0 3 0 0 2 0 0
560 2 0 0 0 0 0 0 0 0
562 1 0 0 1 0 0 0 0 0
563 7 1 1 0 0 0 5 0 0
570 3 0 0 0 0 0 3 0 0
571 3 0 0 0 0 0 3 0 0
572 1 0 0 0 0 0 0 0 0
573 4 1 1 3 0 0 0 0 0
fn=_IO_default_xsputn
447 9 1 1 2 0 0 5 0 0
450 5 1 1 2 0 0 0 0 0
451 1 0 0 0 0 0 0 0 0
455 4 0 0 2 0 0 0 0 0
457 3 0 0 0 0 0 0 0 0
460 2 0 0 0 0 0 0 0 0
470 4 0 0 0 0 0 1 0 0
474 44 1 1 1 0 0 1 0 0
475 60 0 0 20 0 0 20 1 1
478 1 0 0 0 0 0 0 0 0
480 2 0 0 0 0 0 0 0 0
484 2 1 1 1 0 0 0 0 0
485 6 0 0 5 0 0 0 0 0
fn=_IO_doallocbuf
414 3 1 1 1 0 0 1 0 0
415 3 0 0 1 0 0 0 0 0
417 2 1 1 1 0 0 0 0 0
418 6 0 0 3 1 1 2 0 0
421 3 0 0 2 0 0 0 0 0
fn=_IO_flush_all_lockp
822 8 2 2 1 0 0 5 0 0
823 1 1 1 0 0 0 1 0 0
828 3 0 0 0 0 0 1 0 0
833 1 0 0 1 1 1 0 0 0
834 1 1 1 1 1 1 0 0 0
835 8 1 1 0 0 0 0 0 0
837 3 0 0 0 0 0 3 0 0
838 6 0 0 0 0 0 0 0 0
839 3 0 0 1 0 0 1 0 0
841 20 2 2 10 3 3 0 0 0
848 5 1 1 2 0 0 3 0 0
849 5 0 0 1 0 0 1 0 0
851 6 0 0 0 0 0 0 0 0
853 3 0 0 0 0 0 3 0 0
855 9 1 1 3 0 0 0 0 0
862 6 0 0 3 2 2 0 0 0
866 2 0 0 0 0 0 0 0 0
868 3 0 0 1 0 0 0 0 0
872 7 0 0 6 0 0 0 0 0
fn=_IO_setb
399 12 2 2 2 0 0 6 0 0
400 10 0 0 4 0 0 0 0 0
402 4 0 0 2 0 0 2 0 0
403 4 0 0 2 0 0 2 0 0
404 6 0 0 2 0 0 0 0 0
405 2 0 0 0 0 0 1 0 0
407 2 0 0 0 0 0 1 0 0
408 8 0 0 6 0 0 0 0 0
fl=/build/buildd/eglibc-2.19/libio/ioputs.c
fn=puts
34 28 2 2 0 0 0 20 0 0
36 16 0 0 4 0 0 8 0 0
37 84 1 1 48 17 13 8 0 0
39 12 0 0 4 0 0 0 0 0
40 39 2 2 15 4 3 1 0 0
41 32 0 0 12 8 6 16 0 0
42 28 1 1 12 0 0 8 0 0
43 12 0 0 0 0 0 0 0 0
47 28 0 0 20 0 0 0 0 0
fl=/build/buildd/eglibc-2.19/libio/libioP.h
fn=puts
904 8 0 0 4 0 0 0 0 0
905 32 0 0 16 0 0 4 0 0
fl=/build/buildd/eglibc-2.19/libio/oldstdfiles.c
fn=_IO_check_libio
77 4 1 1 0 0 0 3 0 0
78 3 0 0 1 0 0 0 0 0
91 3 1 1 3 0 0 0 0 0
fl=/build/buildd/eglibc-2.19/misc/../sysdeps/unix/syscall-template.S
fn=mprotect
81 36 1 1 16 0 0 4 0 0
82 4 0 0 4 0 0 0 0 0
fn=munmap
81 8 0 0 2 0 0 0 0 0
82 1 0 0 1 0 0 0 0 0
fl=/build/buildd/eglibc-2.19/misc/../sysdeps/unix/sysv/linux/i386/mmap.S
fn=mmap
29 9 2 2 0 0 0 9 0 0
31 9 0 0 0 0 0 9 0 0
33 9 0 0 0 0 0 9 0 0
35 9 0 0 0 0 0 9 0 0
38 9 0 0 9 0 0 0 0 0
40 9 0 0 9 0 0 0 0 0
41 9 0 0 9 0 0 0 0 0
42 9 0 0 9 0 0 0 0 0
44 9 0 0 9 0 0 0 0 0
46 9 0 0 9 0 0 0 0 0
48 9 0 0 0 0 0 0 0 0
49 9 0 0 0 0 0 0 0 0
50 9 0 0 0 0 0 0 0 0
51 9 0 0 0 0 0 0 0 0
53 9 1 1 0 0 0 0 0 0
56 9 0 0 1 0 0 1 0 0
59 9 0 0 9 0 0 0 0 0
62 9 0 0 9 0 0 0 0 0
65 9 0 0 9 0 0 0 0 0
68 9 0 0 9 0 0 0 0 0
73 9 1 1 0 0 0 0 0 0
74 9 0 0 0 0 0 0 0 0
77 9 0 0 9 0 0 0 0 0
fl=/build/buildd/eglibc-2.19/misc/init-misc.c
fn=__init_misc
30 7 1 1 1 0 0 4 0 0
31 5 0 0 1 0 0 0 0 0
33 3 0 0 0 0 0 3 0 0
34 2 1 1 0 0 0 0 0 0
37 3 0 0 1 1 0 1 1 0
38 3 0 0 2 0 0 1 1 0
40 5 0 0 4 0 0 0 0 0
fl=/build/buildd/eglibc-2.19/nptl/../nptl/sysdeps/unix/sysv/linux/unregister-atfork.c
fn=__unregister_atfork
28 9 1 1 1 0 0 5 0 0
36 1 0 0 1 1 1 0 0 0
39 2 1 1 0 0 0 0 0 0
121 6 0 0 5 0 0 0 0 0
fl=/build/buildd/eglibc-2.19/posix/../sysdeps/unix/syscall-template.S
fn=uname
81 7 2 2 1 0 0 0 0 0
82 1 0 0 1 0 0 0 0 0
fl=/build/buildd/eglibc-2.19/posix/../sysdeps/unix/sysv/linux/i386/_exit.S
fn=_Exit
24 1 1 1 1 0 0 0 0 0
28 1 0 0 0 0 0 0 0 0
29 1 0 0 1 0 0 1 0 0
fl=/build/buildd/eglibc-2.19/setjmp/../sysdeps/i386/bsd-_setjmp.S
fn=_setjmp
33 1 1 1 0 0 0 0 0 0
34 1 0 0 1 0 0 0 0 0
37 1 0 0 0 0 0 1 0 0
38 1 0 0 0 0 0 1 0 0
39 1 0 0 0 0 0 1 0 0
40 1 0 0 0 0 0 0 0 0
42 2 0 0 1 0 0 0 0 0
44 1 0 0 0 0 0 1 0 0
45 1 0 0 1 0 0 0 0 0
48 2 0 0 1 0 0 0 0 0
50 1 0 0 0 0 0 1 0 0
51 1 1 1 0 0 0 1 0 0
53 1 0 0 0 0 0 1 0 0
54 1 0 0 1 0 0 0 0 0
fl=/build/buildd/eglibc-2.19/setjmp/../sysdeps/i386/setjmp.S
fn=__sigsetjmp
30 3 1 1 3 0 0 0 0 0
33 3 0 0 0 0 0 3 0 0
34 3 0 0 0 0 0 3 0 0
35 3 0 0 0 0 0 3 0 0
36 3 0 0 0 0 0 0 0 0
40 3 0 0 0 0 0 3 0 0
41 3 0 0 3 0 0 0 0 0
46 3 0 0 0 0 0 3 0 0
47 3 0 0 0 0 0 3 0 0
51 3 0 0 0 0 0 0 0 0
52 3 0 0 3 0 0 0 0 0
fl=/build/buildd/eglibc-2.19/stdlib/cxa_atexit.c
fn=__cxa_atexit
35 3 0 0 0 0 0 2 0 0
37 2 0 0 0 0 0 0 0 0
41 3 0 0 2 0 0 0 0 0
43 1 1 1 0 0 0 1 0 0
44 2 0 0 1 0 0 1 0 0
45 2 0 0 1 0 0 1 0 0
47 1 0 0 0 0 0 1 0 0
48 1 0 0 0 0 0 0 0 0
57 4 1 1 0 0 0 2 0 0
59 3 0 0 2 0 0 0 0 0
fn=__new_exitfn
73 7 1 1 0 0 0 5 0 0
74 3 0 0 0 0 0 0 0 0
79 6 1 1 2 1 1 0 0 0
81 9 1 1 3 1 0 0 0 0
83 3 0 0 1 1 1 0 0 0
91 1 0 0 0 0 0 1 0 0
112 1 1 1 0 0 0 0 0 0
113 2 0 0 0 0 0 1 0 0
126 1 1 1 0 0 0 1 0 0
127 2 0 0 2 1 1 0 0 0
130 4 0 0 2 0 0 0 0 0
133 7 0 0 5 0 0 0 0 0
fl=/build/buildd/eglibc-2.19/stdlib/cxa_finalize.c
fn=__cxa_finalize
31 8 1 1 1 0 0 5 0 0
35 9 1 1 3 0 0 2 0 0
39 10 1 1 2 0 0 1 0 0
67 7 2 2 2 0 0 0 0 0
71 8 0 0 1 1 1 0 0 0
79 2 0 0 0 0 0 0 0 0
80 2 0 0 0 0 0 1 0 0
82 5 0 0 4 0 0 0 0 0
fl=/build/buildd/eglibc-2.19/stdlib/cxa_thread_atexit_impl.c
fn=__call_tls_dtors
82 7 1 1 0 0 0 5 0 0
83 8 1 1 2 2 2 1 0 0
86 1 0 0 0 0 0 1 0 0
101 6 1 1 5 0 0 0 0 0
fl=/build/buildd/eglibc-2.19/stdlib/exit.c
fn=__run_exit_handlers
35 11 2 2 3 0 0 6 0 0
40 2 0 0 1 0 0 1 0 0
46 9 0 0 2 1 1 0 0 0
50 6 0 0 0 0 0 0 0 0
52 1 0 0 0 0 0 1 0 0
53 1 0 0 0 0 0 0 0 0
54 5 0 0 1 0 0 0 0 0
80 3 1 1 2 0 0 0 0 0
82 4 0 0 1 0 0 3 0 0
83 1 0 0 0 0 0 0 0 0
87 2 1 1 1 0 0 1 0 0
88 2 0 0 0 0 0 0 0 0
94 2 0 0 1 0 0 0 0 0
95 8 0 0 1 1 1 1 0 0
97 2 0 0 0 0 0 2 0 0
fn=exit
103 4 1 1 0 0 0 2 0 0
104 6 1 1 1 0 0 4 0 0
fl=/build/buildd/eglibc-2.19/stdlib/random.c
fn=random
293 40016 2 2 0 0 0 20008 2 2
296 60024 0 0 20008 7 6 0 0 0
298 50020 0 0 0 0 0 30012 0 0
300 40016 1 1 20008 0 0 0 0 0
303 40016 0 0 30012 0 0 0 0 0
fl=/build/buildd/eglibc-2.19/stdlib/random_r.c
fn=random_r
363 80032 1 1 10004 0 0 50020 1 0
366 50020 0 0 10004 0 0 0 0 0
369 10326 0 0 10004 0 0 0 0 0
371 30012 0 0 10004 3 3 0 0 0
380 10004 0 0 10004 0 0 0 0 0
381 10004 0 0 10004 0 0 0 0 0
382 20008 1 1 10004 0 0 10004 0 0
385 30012 0 0 20008 7 7 10004 0 0
387 30012 0 0 10004 0 0 10004 0 0
388 10004 0 0 0 0 0 0 0 0
389 20008 0 0 10004 0 0 0 0 0
392 644 0 0 0 0 0 0 0 0
396 9682 0 0 0 0 0 0 0 0
397 19364 0 0 9682 0 0 0 0 0
400 10004 0 0 0 0 0 10004 0 0
401 10004 0 0 0 0 0 10004 0 0
403 10004 0 0 0 0 0 0 0 0
408 60024 0 0 50020 0 0 0 0 0
fl=/build/buildd/eglibc-2.19/string/../bits/stdlib-bsearch.h
fn=intel_check_word
27 30 1 1 0 0 0 0 0 0
28 120 0 0 0 0 0 30 0 0
29 378 0 0 126 0 0 0 0 0
31 682 1 1 196 0 0 0 0 0
32 196 0 0 0 0 0 0 0 0
37 126 0 0 0 0 0 63 0 0
fl=/build/buildd/eglibc-2.19/string/../sysdeps/i386/i686/multiarch/../../i586/strchr.S
fn=index
45 7 1 1 0 0 0 7 0 0
47 7 0 0 0 0 0 7 0 0
50 7 0 0 0 0 0 7 0 0
52 7 0 0 0 0 0 7 0 0
55 7 0 0 7 0 0 0 0 0
56 7 0 0 7 0 0 0 0 0
58 7 0 0 0 0 0 0 0 0
60 7 0 0 0 0 0 0 0 0
66 7 0 0 0 0 0 0 0 0
67 7 0 0 0 0 0 0 0 0
69 7 0 0 0 0 0 0 0 0
70 7 0 0 0 0 0 0 0 0
72 7 0 0 0 0 0 0 0 0
73 7 0 0 0 0 0 0 0 0
75 7 0 0 0 0 0 0 0 0
77 4 1 1 0 0 0 0 0 0
78 4 0 0 0 0 0 0 0 0
80 4 0 0 4 2 2 0 0 0
81 4 0 0 0 0 0 0 0 0
83 4 0 0 0 0 0 0 0 0
84 4 0 0 0 0 0 0 0 0
86 4 0 0 4 0 0 0 0 0
87 4 0 0 0 0 0 0 0 0
89 4 0 0 0 0 0 0 0 0
90 4 0 0 0 0 0 0 0 0
92 4 0 0 0 0 0 0 0 0
93 4 0 0 0 0 0 0 0 0
95 4 0 0 0 0 0 0 0 0
96 4 0 0 0 0 0 0 0 0
98 4 0 0 0 0 0 0 0 0
100 3 0 0 3 0 0 0 0 0
102 3 0 0 0 0 0 0 0 0
103 3 0 0 0 0 0 0 0 0
105 3 0 0 0 0 0 0 0 0
106 3 0 0 0 0 0 0 0 0
108 3 0 0 0 0 0 0 0 0
118 7 1 1 7 0 0 0 0 0
119 7 0 0 0 0 0 0 0 0
121 7 0 0 0 0 0 0 0 0
122 7 0 0 0 0 0 0 0 0
147 9 0 0 0 0 0 0 0 0
148 9 0 0 0 0 0 0 0 0
150 9 0 0 0 0 0 0 0 0
151 9 0 0 0 0 0 0 0 0
153 9 0 0 0 0 0 0 0 0
154 9 0 0 0 0 0 0 0 0
156 9 0 0 0 0 0 0 0 0
157 9 0 0 0 0 0 0 0 0
159 9 0 0 0 0 0 0 0 0
160 9 0 0 0 0 0 0 0 0
162 9 0 0 9 0 0 0 0 0
163 9 0 0 0 0 0 0 0 0
165 9 0 0 0 0 0 0 0 0
166 9 1 1 0 0 0 0 0 0
168 9 0 0 0 0 0 0 0 0
169 9 0 0 0 0 0 0 0 0
171 9 0 0 0 0 0 0 0 0
172 9 0 0 0 0 0 0 0 0
174 9 0 0 0 0 0 0 0 0
175 9 0 0 0 0 0 0 0 0
177 8 0 0 0 0 0 0 0 0
178 8 0 0 0 0 0 0 0 0
180 8 0 0 0 0 0 0 0 0
181 8 0 0 0 0 0 0 0 0
183 8 0 0 0 0 0 0 0 0
184 8 0 0 0 0 0 0 0 0
186 8 0 0 0 0 0 0 0 0
187 8 0 0 0 0 0 0 0 0
189 6 0 0 0 0 0 0 0 0
190 6 0 0 0 0 0 0 0 0
192 6 0 0 6 0 0 0 0 0
193 6 1 1 0 0 0 0 0 0
195 6 0 0 0 0 0 0 0 0
196 6 0 0 0 0 0 0 0 0
198 6 0 0 0 0 0 0 0 0
199 6 0 0 0 0 0 0 0 0
201 6 0 0 0 0 0 0 0 0
202 6 0 0 0 0 0 0 0 0
204 6 0 0 0 0 0 0 0 0
205 6 0 0 0 0 0 0 0 0
207 6 0 0 0 0 0 0 0 0
208 6 0 0 0 0 0 0 0 0
210 6 0 0 0 0 0 0 0 0
211 6 0 0 0 0 0 0 0 0
213 6 0 0 0 0 0 0 0 0
214 6 0 0 0 0 0 0 0 0
216 6 0 0 0 0 0 0 0 0
217 6 0 0 0 0 0 0 0 0
219 5 0 0 0 0 0 0 0 0
220 5 0 0 0 0 0 0 0 0
222 5 0 0 5 0 0 0 0 0
223 5 1 1 0 0 0 0 0 0
225 5 0 0 0 0 0 0 0 0
226 5 0 0 0 0 0 0 0 0
228 5 0 0 0 0 0 0 0 0
229 5 0 0 0 0 0 0 0 0
231 5 0 0 0 0 0 0 0 0
232 5 0 0 0 0 0 0 0 0
234 5 0 0 0 0 0 0 0 0
235 5 0 0 0 0 0 0 0 0
237 5 0 0 0 0 0 0 0 0
238 5 0 0 0 0 0 0 0 0
240 5 0 0 0 0 0 0 0 0
241 5 0 0 0 0 0 0 0 0
243 3 0 0 0 0 0 0 0 0
244 3 0 0 0 0 0 0 0 0
246 3 0 0 0 0 0 0 0 0
247 3 0 0 0 0 0 0 0 0
249 2 0 0 0 0 0 0 0 0
250 2 0 0 0 0 0 0 0 0
252 2 0 0 2 0 0 0 0 0
253 2 0 0 0 0 0 0 0 0
255 2 0 0 0 0 0 0 0 0
256 2 0 0 0 0 0 0 0 0
258 2 0 0 0 0 0 0 0 0
259 2 0 0 0 0 0 0 0 0
261 2 0 0 0 0 0 0 0 0
262 2 0 0 0 0 0 0 0 0
264 2 0 0 0 0 0 0 0 0
266 2 0 0 0 0 0 0 0 0
270 1 0 0 0 0 0 0 0 0
271 1 0 0 0 0 0 0 0 0
273 1 0 0 0 0 0 0 0 0
288 7 0 0 7 0 0 0 0 0
291 7 0 0 7 0 0 0 0 0
295 7 0 0 7 0 0 0 0 0
298 7 0 0 7 0 0 0 0 0
302 7 0 0 7 0 0 0 0 0
311 6 1 1 0 0 0 0 0 0
312 6 0 0 0 0 0 0 0 0
314 6 0 0 0 0 0 0 0 0
316 6 0 0 0 0 0 0 0 0
317 6 0 0 0 0 0 0 0 0
319 5 0 0 0 0 0 0 0 0
321 5 0 0 0 0 0 0 0 0
322 5 0 0 0 0 0 0 0 0
324 5 0 0 0 0 0 0 0 0
325 5 0 0 0 0 0 0 0 0
327 4 0 0 0 0 0 0 0 0
328 4 0 0 0 0 0 0 0 0
330 4 0 0 0 0 0 0 0 0
331 4 0 0 0 0 0 0 0 0
333 4 0 0 0 0 0 0 0 0
334 4 0 0 0 0 0 0 0 0
342 6 0 0 0 0 0 0 0 0
343 6 0 0 0 0 0 0 0 0
fl=/build/buildd/eglibc-2.19/string/../sysdeps/i386/i686/multiarch/../../i586/strlen.S
fn=__GI_strlen
43 4 1 1 4 0 0 0 0 0
44 4 0 0 0 0 0 0 0 0
46 4 0 0 0 0 0 0 0 0
48 4 0 0 0 0 0 0 0 0
49 3 0 0 0 0 0 0 0 0
51 2 0 0 2 2 1 0 0 0
52 2 0 0 0 0 0 0 0 0
54 2 0 0 0 0 0 0 0 0
55 2 0 0 2 0 0 0 0 0
57 2 0 0 0 0 0 0 0 0
59 2 0 0 0 0 0 0 0 0
60 2 0 0 0 0 0 0 0 0
62 2 0 0 0 0 0 0 0 0
64 2 0 0 2 1 1 0 0 0
65 2 0 0 0 0 0 0 0 0
67 2 0 0 0 0 0 0 0 0
68 2 0 0 0 0 0 0 0 0
94 8 0 0 8 2 2 0 0 0
95 8 0 0 0 0 0 0 0 0
97 8 0 0 0 0 0 0 0 0
98 8 0 0 0 0 0 0 0 0
100 8 0 0 0 0 0 0 0 0
101 8 1 1 0 0 0 0 0 0
103 7 0 0 0 0 0 0 0 0
105 7 0 0 0 0 0 0 0 0
107 7 0 0 0 0 0 0 0 0
110 5 0 0 5 0 0 0 0 0
111 5 0 0 0 0 0 0 0 0
113 5 0 0 0 0 0 0 0 0
114 5 0 0 0 0 0 0 0 0
116 5 0 0 0 0 0 0 0 0
117 5 0 0 0 0 0 0 0 0
119 5 0 0 0 0 0 0 0 0
121 5 0 0 0 0 0 0 0 0
123 5 0 0 0 0 0 0 0 0
126 4 0 0 4 0 0 0 0 0
127 4 0 0 0 0 0 0 0 0
129 4 0 0 0 0 0 0 0 0
130 4 0 0 0 0 0 0 0 0
132 4 0 0 0 0 0 0 0 0
133 4 0 0 0 0 0 0 0 0
135 4 0 0 0 0 0 0 0 0
137 4 0 0 0 0 0 0 0 0
139 4 0 0 0 0 0 0 0 0
142 4 1 1 4 0 0 0 0 0
143 4 0 0 0 0 0 0 0 0
145 4 0 0 0 0 0 0 0 0
146 4 0 0 0 0 0 0 0 0
148 4 0 0 0 0 0 0 0 0
149 4 0 0 0 0 0 0 0 0
151 4 0 0 0 0 0 0 0 0
153 4 0 0 0 0 0 0 0 0
155 4 0 0 0 0 0 0 0 0
158 4 0 0 0 0 0 0 0 0
159 4 0 0 0 0 0 0 0 0
161 4 0 0 0 0 0 0 0 0
162 4 0 0 0 0 0 0 0 0
164 3 0 0 0 0 0 0 0 0
165 3 0 0 0 0 0 0 0 0
167 3 0 0 0 0 0 0 0 0
169 2 0 0 0 0 0 0 0 0
170 2 0 0 0 0 0 0 0 0
172 2 0 0 0 0 0 0 0 0
173 2 0 0 0 0 0 0 0 0
175 1 0 0 0 0 0 0 0 0
177 4 0 0 4 0 0 0 0 0
180 4 0 0 4 0 0 0 0 0
fn=strlen
43 15 1 1 15 0 0 0 0 0
44 15 0 0 0 0 0 0 0 0
46 15 0 0 0 0 0 0 0 0
48 15 0 0 0 0 0 0 0 0
49 5 0 0 0 0 0 0 0 0
51 5 0 0 5 0 0 0 0 0
52 5 0 0 0 0 0 0 0 0
54 4 0 0 0 0 0 0 0 0
55 4 0 0 4 0 0 0 0 0
57 4 0 0 0 0 0 0 0 0
59 4 0 0 0 0 0 0 0 0
60 4 0 0 0 0 0 0 0 0
62 4 0 0 0 0 0 0 0 0
64 2 0 0 2 0 0 0 0 0
65 2 0 0 0 0 0 0 0 0
67 2 0 0 0 0 0 0 0 0
68 2 0 0 0 0 0 0 0 0
94 24 1 1 24 2 2 0 0 0
95 24 0 0 0 0 0 0 0 0
97 24 0 0 0 0 0 0 0 0
98 24 0 0 0 0 0 0 0 0
100 24 0 0 0 0 0 0 0 0
101 24 0 0 0 0 0 0 0 0
103 24 0 0 0 0 0 0 0 0
105 24 0 0 0 0 0 0 0 0
107 24 0 0 0 0 0 0 0 0
110 24 0 0 24 0 0 0 0 0
111 24 0 0 0 0 0 0 0 0
113 24 0 0 0 0 0 0 0 0
114 24 0 0 0 0 0 0 0 0
116 24 0 0 0 0 0 0 0 0
117 24 0 0 0 0 0 0 0 0
119 21 0 0 0 0 0 0 0 0
121 21 0 0 0 0 0 0 0 0
123 21 0 0 0 0 0 0 0 0
126 19 0 0 19 0 0 0 0 0
127 19 0 0 0 0 0 0 0 0
129 19 0 0 0 0 0 0 0 0
130 19 0 0 0 0 0 0 0 0
132 19 0 0 0 0 0 0 0 0
133 19 0 0 0 0 0 0 0 0
135 18 0 0 0 0 0 0 0 0
137 18 0 0 0 0 0 0 0 0
139 18 0 0 0 0 0 0 0 0
142 18 0 0 18 0 0 0 0 0
143 18 0 0 0 0 0 0 0 0
145 18 0 0 0 0 0 0 0 0
146 18 0 0 0 0 0 0 0 0
148 18 0 0 0 0 0 0 0 0
149 18 0 0 0 0 0 0 0 0
151 12 0 0 0 0 0 0 0 0
153 12 0 0 0 0 0 0 0 0
155 12 0 0 0 0 0 0 0 0
158 14 1 1 0 0 0 0 0 0
159 14 0 0 0 0 0 0 0 0
161 14 0 0 0 0 0 0 0 0
162 14 0 0 0 0 0 0 0 0
164 10 0 0 0 0 0 0 0 0
165 10 0 0 0 0 0 0 0 0
167 10 0 0 0 0 0 0 0 0
169 5 0 0 0 0 0 0 0 0
170 5 0 0 0 0 0 0 0 0
172 5 0 0 0 0 0 0 0 0
173 5 0 0 0 0 0 0 0 0
175 1 0 0 0 0 0 0 0 0
177 15 1 1 15 0 0 0 0 0
180 15 0 0 15 0 0 0 0 0
fl=/build/buildd/eglibc-2.19/string/../sysdeps/i386/i686/multiarch/../../strrchr.S
fn=__GI_strrchr
33 1 1 1 0 0 0 1 0 0
36 1 0 0 0 0 0 1 0 0
39 1 0 0 0 0 0 0 0 0
40 1 0 0 1 0 0 0 0 0
42 1 0 0 1 0 0 0 0 0
48 1 0 0 0 0 0 0 0 0
49 1 0 0 0 0 0 0 0 0
50 1 1 1 0 0 0 0 0 0
51 1 0 0 0 0 0 0 0 0
64 1 0 0 0 0 0 0 0 0
65 1 0 0 0 0 0 0 0 0
66 1 0 0 1 1 0 0 0 0
67 1 0 0 0 0 0 0 0 0
68 1 0 0 0 0 0 0 0 0
70 1 0 0 0 0 0 0 0 0
71 1 0 0 0 0 0 0 0 0
72 1 0 0 0 0 0 0 0 0
74 1 0 0 0 0 0 0 0 0
75 1 0 0 0 0 0 0 0 0
154 1 1 1 0 0 0 0 0 0
155 1 0 0 0 0 0 0 0 0
156 1 0 0 0 0 0 0 0 0
157 1 0 0 0 0 0 0 0 0
158 1 0 0 0 0 0 0 0 0
166 1 0 0 0 0 0 0 0 0
167 1 0 0 0 0 0 0 0 0
168 1 0 0 0 0 0 0 0 0
171 1 0 0 0 0 0 0 0 0
173 2 1 1 2 0 0 0 0 0
174 2 0 0 0 0 0 0 0 0
175 2 0 0 0 0 0 0 0 0
186 2 0 0 0 0 0 0 0 0
190 2 0 0 0 0 0 0 0 0
193 2 0 0 0 0 0 0 0 0
194 2 0 0 0 0 0 0 0 0
198 2 0 0 0 0 0 0 0 0
204 2 0 0 0 0 0 0 0 0
206 2 0 0 0 0 0 0 0 0
207 2 0 0 0 0 0 0 0 0
210 2 0 0 0 0 0 0 0 0
211 2 0 0 0 0 0 0 0 0
212 2 1 1 0 0 0 0 0 0
213 2 0 0 0 0 0 0 0 0
215 2 0 0 0 0 0 0 0 0
217 1 0 0 1 0 0 0 0 0
218 1 0 0 0 0 0 0 0 0
219 1 0 0 0 0 0 0 0 0
222 1 0 0 0 0 0 0 0 0
223 1 0 0 0 0 0 0 0 0
224 1 0 0 0 0 0 0 0 0
225 1 0 0 0 0 0 0 0 0
227 1 0 0 0 0 0 0 0 0
292 1 1 1 0 0 0 0 0 0
300 1 0 0 0 0 0 0 0 0
301 1 0 0 0 0 0 0 0 0
303 1 1 1 0 0 0 0 0 0
304 1 0 0 0 0 0 0 0 0
323 1 0 0 1 0 0 0 0 0
326 1 0 0 1 0 0 0 0 0
330 1 0 0 1 0 0 0 0 0
fl=/build/buildd/eglibc-2.19/string/../sysdeps/i386/i686/multiarch/../memcmp.S
fn=bcmp
46 12 1 1 0 0 0 12 0 0
48 12 0 0 12 0 0 0 0 0
49 12 0 0 12 0 0 0 0 0
50 12 0 0 12 0 0 0 0 0
52 12 0 0 0 0 0 0 0 0
53 12 0 0 0 0 0 0 0 0
71 12 1 1 0 0 0 0 0 0
73 12 0 0 0 0 0 12 0 0
75 12 0 0 0 0 0 0 0 0
77 12 0 0 0 0 0 0 0 0
78 48 0 0 12 1 1 12 0 0
81 12 0 0 0 0 0 0 0 0
82 12 0 0 0 0 0 0 0 0
83 12 0 0 0 0 0 0 0 0
97 1 0 0 1 1 1 0 0 0
98 1 0 0 1 0 0 0 0 0
99 1 0 0 0 0 0 0 0 0
100 1 0 0 0 0 0 0 0 0
102 4 0 0 4 1 1 0 0 0
103 4 0 0 4 1 1 0 0 0
104 4 0 0 0 0 0 0 0 0
105 4 0 0 0 0 0 0 0 0
107 5 1 1 5 0 0 0 0 0
108 5 0 0 5 1 1 0 0 0
109 5 0 0 0 0 0 0 0 0
110 5 0 0 0 0 0 0 0 0
112 5 0 0 5 1 1 0 0 0
113 5 0 0 5 2 2 0 0 0
114 5 0 0 0 0 0 0 0 0
115 5 1 1 0 0 0 0 0 0
117 5 0 0 5 0 0 0 0 0
118 5 0 0 5 0 0 0 0 0
119 5 0 0 0 0 0 0 0 0
120 5 0 0 0 0 0 0 0 0
122 5 0 0 5 0 0 0 0 0
125 5 0 0 0 0 0 0 0 0
126 10 0 0 10 0 0 0 0 0
256 1 0 0 1 1 1 0 0 0
257 1 0 0 1 1 1 0 0 0
258 1 0 0 0 0 0 0 0 0
259 1 0 0 0 0 0 0 0 0
261 5 1 1 5 0 0 0 0 0
262 5 0 0 5 2 2 0 0 0
263 5 0 0 0 0 0 0 0 0
264 5 0 0 0 0 0 0 0 0
266 4 0 0 4 0 0 0 0 0
267 4 0 0 4 0 0 0 0 0
268 4 0 0 0 0 0 0 0 0
269 4 0 0 0 0 0 0 0 0
270 4 0 0 0 0 0 0 0 0
271 4 1 1 0 0 0 0 0 0
272 4 0 0 4 0 0 0 0 0
273 4 0 0 4 0 0 0 0 0
274 4 0 0 0 0 0 0 0 0
275 4 0 0 4 0 0 0 0 0
278 4 0 0 0 0 0 0 0 0
279 8 0 0 8 0 0 0 0 0
349 3 1 1 0 0 0 0 0 0
350 3 0 0 0 0 0 0 0 0
361 3 0 0 0 0 0 0 0 0
362 3 0 0 0 0 0 0 0 0
363 3 0 0 3 0 0 0 0 0
366 6 0 0 6 0 0 0 0 0
fl=/build/buildd/eglibc-2.19/string/../sysdeps/i386/i686/multiarch/../memcpy.S
fn=memcpy
40 13 1 1 0 0 0 0 0 0
41 13 0 0 13 0 0 0 0 0
42 13 0 0 0 0 0 0 0 0
43 13 0 0 13 0 0 0 0 0
45 13 0 0 0 0 0 0 0 0
46 13 0 0 0 0 0 0 0 0
47 13 1 1 0 0 0 0 0 0
48 13 0 0 13 0 0 0 0 0
49 13 0 0 0 0 0 0 0 0
50 13 0 0 0 0 0 0 0 0
52 9 0 0 0 0 0 0 0 0
53 9 0 0 0 0 0 0 0 0
55 9 0 0 0 0 0 0 0 0
56 9 0 0 0 0 0 0 0 0
67 9 0 0 0 0 0 9 0 0
68 9 0 0 0 0 0 0 0 0
69 9 0 0 0 0 0 0 0 0
70 9 0 0 0 0 0 0 0 0
71 55 0 0 46 0 0 46 5 5
73 9 0 0 0 0 0 0 0 0
74 18 0 0 9 0 0 9 0 0
76 9 0 0 9 0 0 0 0 0
78 13 0 0 0 0 0 0 0 0
79 13 0 0 0 0 0 0 0 0
80 13 0 0 13 0 0 0 0 0
82 13 0 0 13 0 0 0 0 0
88 4 1 1 0 0 0 0 0 0
89 4 0 0 0 0 0 0 0 0
90 2 0 0 2 0 0 2 1 1
91 4 0 0 0 0 0 0 0 0
92 4 0 0 0 0 0 0 0 0
93 3 0 0 3 0 0 3 1 1
94 16 0 0 12 0 0 12 2 2
96 4 0 0 0 0 0 0 0 0
fl=/build/buildd/eglibc-2.19/string/../sysdeps/i386/i686/multiarch/../mempcpy.S
fn=__GI_mempcpy
40 3 1 1 3 0 0 0 0 0
41 3 0 0 0 0 0 0 0 0
43 3 0 0 3 0 0 0 0 0
44 3 0 0 0 0 0 0 0 0
46 3 0 0 3 0 0 0 0 0
47 3 0 0 0 0 0 0 0 0
48 3 0 0 0 0 0 0 0 0
49 3 0 0 0 0 0 0 0 0
51 3 0 0 0 0 0 0 0 0
52 3 0 0 0 0 0 0 0 0
54 18 0 0 15 0 0 15 3 3
56 3 0 0 0 0 0 0 0 0
58 3 0 0 0 0 0 0 0 0
61 3 0 0 3 0 0 0 0 0
fn=mempcpy
40 49 1 1 49 0 0 0 0 0
41 49 0 0 0 0 0 0 0 0
43 49 0 0 49 0 0 0 0 0
44 49 0 0 0 0 0 0 0 0
46 49 0 0 49 0 0 0 0 0
47 49 1 1 0 0 0 0 0 0
48 49 0 0 0 0 0 0 0 0
49 49 0 0 0 0 0 0 0 0
50 14 0 0 14 1 1 14 2 2
51 49 0 0 0 0 0 0 0 0
52 49 0 0 0 0 0 0 0 0
53 32 0 0 32 0 0 32 1 1
54 147 0 0 98 1 0 98 2 2
56 49 0 0 0 0 0 0 0 0
58 49 0 0 0 0 0 0 0 0
61 49 0 0 49 0 0 0 0 0
fl=/build/buildd/eglibc-2.19/string/../sysdeps/i386/i686/multiarch/../memset.S
fn=memset
48 9 1 1 0 0 0 0 0 0
49 9 0 0 0 0 0 9 0 0
51 9 0 0 9 0 0 0 0 0
52 9 0 0 9 0 0 0 0 0
56 9 0 0 9 0 0 0 0 0
58 9 0 0 0 0 0 0 0 0
59 9 0 0 0 0 0 0 0 0
61 9 0 0 0 0 0 0 0 0
62 9 0 0 0 0 0 0 0 0
63 2 0 0 0 0 0 0 0 0
64 2 0 0 0 0 0 2 0 0
65 2 0 0 0 0 0 0 0 0
66 2 0 0 0 0 0 0 0 0
67 2 0 0 0 0 0 2 0 0
68 2 0 0 0 0 0 0 0 0
69 2 0 0 0 0 0 0 0 0
74 7 0 0 0 0 0 0 0 0
75 7 0 0 0 0 0 0 0 0
76 7 0 0 0 0 0 0 0 0
78 7 0 0 0 0 0 0 0 0
80 112 0 0 0 0 0 105 8 8
82 7 0 0 0 0 0 0 0 0
83 7 0 0 0 0 0 0 0 0
88 9 0 0 9 0 0 0 0 0
90 9 0 0 9 0 0 0 0 0
97 9 0 0 9 0 0 0 0 0
fl=/build/buildd/eglibc-2.19/string/../sysdeps/i386/i686/multiarch/../strcmp.S
fn=strcmp
30 195 1 1 195 0 0 0 0 0
31 195 0 0 195 0 0 0 0 0
33 1279 0 0 1279 24 20 0 0 0
34 1279 0 0 1279 13 10 0 0 0
35 1279 0 0 0 0 0 0 0 0
36 1196 0 0 0 0 0 0 0 0
37 1196 0 0 0 0 0 0 0 0
38 1196 0 0 0 0 0 0 0 0
39 1196 0 0 0 0 0 0 0 0
41 112 0 0 0 0 0 0 0 0
44 112 0 0 112 0 0 0 0 0
46 83 0 0 0 0 0 0 0 0
47 83 0 0 0 0 0 0 0 0
48 83 0 0 0 0 0 0 0 0
50 83 0 0 83 0 0 0 0 0
fl=/build/buildd/eglibc-2.19/string/../sysdeps/i386/i686/multiarch/memrchr.S
fn=memrchr
36 3 1 1 0 0 0 2 0 0
39 1 1 1 1 0 0 0 0 0
40 1 0 0 0 0 0 0 0 0
43 1 0 0 1 0 0 0 0 0
44 1 0 0 0 0 0 0 0 0
45 1 0 0 1 0 0 0 0 0
46 1 0 0 0 0 0 0 0 0
62 1 0 0 0 0 0 0 0 0
63 1 0 0 1 0 0 0 0 0
65 1 0 0 1 0 0 0 0 0
fl=/build/buildd/eglibc-2.19/string/../sysdeps/i386/i686/multiarch/strcat.S
fn=???
55 40116 1 1 40116 0 0 0 0 0
fl=/build/buildd/eglibc-2.19/string/../sysdeps/i386/i686/multiarch/strncase.S
fn=strncasecmp
27 3 1 1 0 0 0 2 0 0
31 1 1 1 1 0 0 0 0 0
32 1 0 0 0 0 0 0 0 0
34 1 0 0 0 0 0 0 0 0
35 1 0 0 1 0 0 0 0 0
36 1 0 0 0 0 0 0 0 0
37 1 0 0 0 0 0 0 0 0
38 1 0 0 1 0 0 0 0 0
39 1 0 0 0 0 0 0 0 0
43 1 1 1 1 0 0 0 0 0
46 1 0 0 1 0 0 0 0 0
fl=/build/buildd/eglibc-2.19/string/../sysdeps/i386/i686/multiarch/strnlen.S
fn=strnlen
28 3 1 1 0 0 0 2 0 0
32 1 0 0 1 1 1 0 0 0
33 1 0 0 0 0 0 0 0 0
34 1 0 0 0 0 0 1 0 0
35 1 0 0 0 0 0 0 0 0
36 1 0 0 1 0 0 0 0 0
37 1 0 0 0 0 0 0 0 0
38 1 0 0 0 0 0 0 0 0
39 1 0 0 1 0 0 0 0 0
42 1 0 0 1 0 0 0 0 0
fl=/build/buildd/eglibc-2.19/string/../sysdeps/x86_64/cacheinfo.c
fn=handle_intel
305 15 1 1 0 0 0 12 0 0
306 6 0 0 0 0 0 0 0 0
317 3 1 1 0 0 0 3 0 0
319 6 0 0 0 0 0 3 0 0
320 6 0 0 0 0 0 3 0 0
322 7 0 0 2 0 0 0 0 0
328 27 2 2 0 0 0 12 0 0
333 6 0 0 3 0 0 0 0 0
335 9 0 0 0 0 0 3 0 0
336 3 0 0 0 0 0 0 0 0
340 18 0 0 3 0 0 9 0 0
341 6 0 0 0 0 0 0 0 0
344 15 0 0 3 0 0 9 0 0
345 6 0 0 0 0 0 0 0 0
348 15 0 0 3 0 0 9 0 0
349 6 0 0 0 0 0 0 0 0
352 15 0 0 3 0 0 9 0 0
353 6 0 0 0 0 0 0 0 0
357 4 0 0 1 0 0 0 0 0
358 2 0 0 1 0 0 0 0 0
361 1 0 0 0 0 0 0 0 0
362 15 1 1 12 0 0 0 0 0
fn=init_cacheinfo
550 7 1 1 0 0 0 5 0 0
563 3 0 0 1 0 0 0 0 0
570 2 0 0 0 0 0 0 0 0
572 4 1 1 1 0 0 1 0 0
575 1 0 0 0 0 0 0 0 0
576 4 0 0 1 0 0 1 0 0
578 2 0 0 0 0 0 0 0 0
581 1 0 0 0 0 0 0 0 0
582 5 1 1 1 0 0 1 0 0
589 2 0 0 1 0 0 1 0 0
607 5 0 0 1 0 0 1 0 0
614 21 1 1 0 0 0 2 0 0
620 6 0 0 0 0 0 0 0 0
623 15 0 0 0 0 0 0 0 0
625 2 1 1 1 0 0 0 0 0
631 6 0 0 2 0 0 1 0 0
657 3 0 0 1 0 0 0 0 0
669 4 1 1 0 0 0 0 0 0
670 5 1 1 0 0 0 0 0 0
744 2 0 0 0 0 0 0 0 0
746 3 0 0 0 0 0 1 1 1
747 1 0 0 0 0 0 1 0 0
749 2 0 0 0 0 0 0 0 0
750 3 0 0 0 0 0 1 0 0
751 1 0 0 0 0 0 1 0 0
754 2 0 0 0 0 0 0 0 0
756 3 0 0 0 0 0 1 0 0
757 1 1 1 0 0 0 1 0 0
759 1 0 0 0 0 0 0 0 0
760 3 0 0 0 0 0 1 0 0
761 1 0 0 0 0 0 1 0 0
763 6 0 0 5 0 0 0 0 0
fn=intel_check_word
150 588 0 0 196 9 9 0 0 0
153 189 0 0 0 0 0 0 0 0
161 108 1 1 0 0 0 84 0 0
162 24 0 0 0 0 0 0 0 0
164 10 0 0 0 0 0 0 0 0
168 108 0 0 12 0 0 12 0 0
170 149 1 1 40 0 0 1 0 0
172 30 0 0 30 0 0 0 0 0
174 60 0 0 0 0 0 0 0 0
182 60 0 0 0 0 0 0 0 0
235 66 0 0 3 0 0 0 0 0
256 2 0 0 1 0 0 0 0 0
275 28 1 1 14 0 0 0 0 0
277 4 1 1 2 0 0 0 0 0
279 4 0 0 2 0 0 0 0 0
281 2 1 1 2 0 0 0 0 0
289 10 0 0 0 0 0 0 0 0
290 4 0 0 2 0 0 2 0 0
295 28 0 0 28 0 0 0 0 0
300 72 0 0 60 0 0 0 0 0
fl=/build/buildd/eglibc-2.19/wcsmbs/../sysdeps/i386/i686/multiarch/wcslen.S
fn=wcslen
28 3 1 1 0 0 0 2 0 0
32 1 1 1 1 0 0 0 0 0
33 1 0 0 0 0 0 0 0 0
35 1 0 0 0 0 0 0 0 0
36 1 0 0 1 0 0 0 0 0
37 1 0 0 0 0 0 0 0 0
38 1 0 0 0 0 0 0 0 0
39 1 0 0 1 0 0 0 0 0
42 1 0 0 1 0 0 0 0 0
fl=/home/cso/Documents/Computer System Organization/Spring2015-CSO-Project2-Cache-Optimization/refcode.c
fn=level_1
23 3 0 0 0 0 0 1 0 0
28 3076 1 1 2049 0 0 1 1 1
29 3149824 1 1 2098176 0 0 1024 0 0
30 14680064 0 0 5242880 1048568 1048568 1048576 0 0
33 7 0 0 0 0 0 2 0 0
34 7 0 0 0 0 0 2 0 0
36 6 1 1 3 1 1 0 0 0
38 2 0 0 2 0 0 0 0 0
fn=level_2
43 6 0 0 0 0 0 4 0 0
44 1 0 0 0 0 0 1 1 1
49 1540 1 1 1025 0 0 1 0 0
51 4608 1 1 512 0 0 512 511 511
52 788480 0 0 524800 0 0 512 0 0
53 6553600 1 1 1572864 262144 262144 262144 0 0
57 7 1 1 0 0 0 2 1 1
58 1540 0 0 1025 0 0 1 0 0
59 3584 0 0 2048 33 33 0 0 0
61 11 1 1 3 1 1 0 0 0
62 2 0 0 0 0 0 2 0 0
63 6 0 0 5 0 0 0 0 0
fn=level_3
68 3 1 1 0 0 0 1 0 0
73 1540 1 1 1025 0 0 1 1 1
74 1574912 0 0 1049088 0 0 512 0 0
76 3670016 1 1 1572864 516096 516096 524288 0 0
77 6291456 0 0 2621440 517120 517120 524288 0 0
78 3670016 0 0 1572864 0 0 524288 0 0
82 2 0 0 0 0 0 2 1 1
84 2 0 0 2 0 0 0 0 0
fn=level_4
90 3 0 0 0 0 0 1 0 0
94 30001 1 1 19999 0 0 1 0 0
95 200029995 0 0 150004998 0 0 9999 0 0
96 349965000 1 1 199980000 528543 626 0 0 0
98 99533360 0 0 49766680 0 0 24883340 0 0
99 124416700 0 0 74650020 0 0 24883340 0 0
100 74650020 0 0 49766680 0 0 24883340 0 0
104 16 0 0 1 0 0 3 1 0
105 5 0 0 3 0 0 0 0 0
106 2 0 0 0 0 0 2 0 0
108 2 0 0 2 0 0 0 0 0
fn=main
117 4 1 1 0 0 0 1 0 0
120 30004 1 1 20001 0 0 1 0 0
121 150000 0 0 10000 0 0 20000 626 626
123 4 0 0 0 0 0 1 0 0
124 2 0 0 0 0 0 2 0 0
126 1 0 0 0 0 0 1 0 0
127 1 0 0 0 0 0 1 0 0
128 1 0 0 0 0 0 1 0 0
130 1 0 0 0 0 0 0 0 0
131 2 0 0 2 1 1 0 0 0
fl=???
fn=???
0 10262 20 18 10123 7 6 54 1 1
fn=__libc_csu_init
0 32 3 3 9 1 0 10 0 0
fn=__x86.get_pc_thunk.bx
0 6 1 1 6 0 0 0 0 0
fn=_dl_debug_initialize
0 1 0 0 0 0 0 0 0 0
fn=_dl_sysinfo_int80
0 7 1 1 3 0 0 0 0 0
summary: 890014558 766 764 540808080 2873657 2345641 77731525 1306 1283
